<?xml version="1.0" encoding="UTF-8"?>
<testsuite name="com.ford.purchasing.ndpc.NdpcApplicationTests" tests="1" skipped="0" failures="1" errors="0" timestamp="2018-05-21T13:34:24" hostname="WGC1008B24T72" time="0.002">
  <properties/>
  <testcase name="contextLoads" classname="com.ford.purchasing.ndpc.NdpcApplicationTests" time="0.002">
    <failure message="java.lang.IllegalStateException: Failed to load ApplicationContext" type="java.lang.IllegalStateException">java.lang.IllegalStateException: Failed to load ApplicationContext
	at org.springframework.test.context.cache.DefaultCacheAwareContextLoaderDelegate.loadContext(DefaultCacheAwareContextLoaderDelegate.java:125)
	at org.springframework.test.context.support.DefaultTestContext.getApplicationContext(DefaultTestContext.java:108)
	at org.springframework.test.context.web.ServletTestExecutionListener.setUpRequestContextIfNecessary(ServletTestExecutionListener.java:190)
	at org.springframework.test.context.web.ServletTestExecutionListener.prepareTestInstance(ServletTestExecutionListener.java:132)
	at org.springframework.test.context.TestContextManager.prepareTestInstance(TestContextManager.java:246)
	at org.springframework.test.context.junit4.SpringJUnit4ClassRunner.createTest(SpringJUnit4ClassRunner.java:227)
	at org.springframework.test.context.junit4.SpringJUnit4ClassRunner$1.runReflectiveCall(SpringJUnit4ClassRunner.java:289)
	at org.junit.internal.runners.model.ReflectiveCallable.run(ReflectiveCallable.java:12)
	at org.springframework.test.context.junit4.SpringJUnit4ClassRunner.methodBlock(SpringJUnit4ClassRunner.java:291)
	at org.springframework.test.context.junit4.SpringJUnit4ClassRunner.runChild(SpringJUnit4ClassRunner.java:246)
	at org.springframework.test.context.junit4.SpringJUnit4ClassRunner.runChild(SpringJUnit4ClassRunner.java:97)
	at org.junit.runners.ParentRunner$3.run(ParentRunner.java:290)
	at org.junit.runners.ParentRunner$1.schedule(ParentRunner.java:71)
	at org.junit.runners.ParentRunner.runChildren(ParentRunner.java:288)
	at org.junit.runners.ParentRunner.access$000(ParentRunner.java:58)
	at org.junit.runners.ParentRunner$2.evaluate(ParentRunner.java:268)
	at org.springframework.test.context.junit4.statements.RunBeforeTestClassCallbacks.evaluate(RunBeforeTestClassCallbacks.java:61)
	at org.springframework.test.context.junit4.statements.RunAfterTestClassCallbacks.evaluate(RunAfterTestClassCallbacks.java:70)
	at org.junit.runners.ParentRunner.run(ParentRunner.java:363)
	at org.springframework.test.context.junit4.SpringJUnit4ClassRunner.run(SpringJUnit4ClassRunner.java:190)
	at org.gradle.api.internal.tasks.testing.junit.JUnitTestClassExecuter.runTestClass(JUnitTestClassExecuter.java:114)
	at org.gradle.api.internal.tasks.testing.junit.JUnitTestClassExecuter.execute(JUnitTestClassExecuter.java:57)
	at org.gradle.api.internal.tasks.testing.junit.JUnitTestClassProcessor.processTestClass(JUnitTestClassProcessor.java:66)
	at org.gradle.api.internal.tasks.testing.SuiteTestClassProcessor.processTestClass(SuiteTestClassProcessor.java:51)
	at sun.reflect.NativeMethodAccessorImpl.invoke0(Native Method)
	at sun.reflect.NativeMethodAccessorImpl.invoke(NativeMethodAccessorImpl.java:62)
	at sun.reflect.DelegatingMethodAccessorImpl.invoke(DelegatingMethodAccessorImpl.java:43)
	at java.lang.reflect.Method.invoke(Method.java:498)
	at org.gradle.internal.dispatch.ReflectionDispatch.dispatch(ReflectionDispatch.java:35)
	at org.gradle.internal.dispatch.ReflectionDispatch.dispatch(ReflectionDispatch.java:24)
	at org.gradle.internal.dispatch.ContextClassLoaderDispatch.dispatch(ContextClassLoaderDispatch.java:32)
	at org.gradle.internal.dispatch.ProxyDispatchAdapter$DispatchingInvocationHandler.invoke(ProxyDispatchAdapter.java:93)
	at com.sun.proxy.$Proxy1.processTestClass(Unknown Source)
	at org.gradle.api.internal.tasks.testing.worker.TestWorker.processTestClass(TestWorker.java:108)
	at sun.reflect.NativeMethodAccessorImpl.invoke0(Native Method)
	at sun.reflect.NativeMethodAccessorImpl.invoke(NativeMethodAccessorImpl.java:62)
	at sun.reflect.DelegatingMethodAccessorImpl.invoke(DelegatingMethodAccessorImpl.java:43)
	at java.lang.reflect.Method.invoke(Method.java:498)
	at org.gradle.internal.dispatch.ReflectionDispatch.dispatch(ReflectionDispatch.java:35)
	at org.gradle.internal.dispatch.ReflectionDispatch.dispatch(ReflectionDispatch.java:24)
	at org.gradle.internal.remote.internal.hub.MessageHubBackedObjectConnection$DispatchWrapper.dispatch(MessageHubBackedObjectConnection.java:146)
	at org.gradle.internal.remote.internal.hub.MessageHubBackedObjectConnection$DispatchWrapper.dispatch(MessageHubBackedObjectConnection.java:128)
	at org.gradle.internal.remote.internal.hub.MessageHub$Handler.run(MessageHub.java:404)
	at org.gradle.internal.concurrent.ExecutorPolicy$CatchAndRecordFailures.onExecute(ExecutorPolicy.java:63)
	at org.gradle.internal.concurrent.ManagedExecutorImpl$1.run(ManagedExecutorImpl.java:46)
	at java.util.concurrent.ThreadPoolExecutor.runWorker(ThreadPoolExecutor.java:1142)
	at java.util.concurrent.ThreadPoolExecutor$Worker.run(ThreadPoolExecutor.java:617)
	at org.gradle.internal.concurrent.ThreadFactoryImpl$ManagedThreadRunnable.run(ThreadFactoryImpl.java:55)
	at java.lang.Thread.run(Thread.java:745)
Caused by: org.springframework.beans.factory.UnsatisfiedDependencyException: Error creating bean with name 'inMemoryDatabaseShutdownExecutor' defined in class path resource [org/springframework/boot/devtools/autoconfigure/DevToolsDataSourceAutoConfiguration.class]: Unsatisfied dependency expressed through method 'inMemoryDatabaseShutdownExecutor' parameter 0; nested exception is org.springframework.beans.factory.BeanCreationException: Error creating bean with name 'dataSource' defined in class path resource [org/springframework/boot/autoconfigure/jdbc/DataSourceConfiguration$Hikari.class]: Bean instantiation via factory method failed; nested exception is org.springframework.beans.BeanInstantiationException: Failed to instantiate [com.zaxxer.hikari.HikariDataSource]: Factory method 'dataSource' threw exception; nested exception is org.springframework.boot.autoconfigure.jdbc.DataSourceProperties$DataSourceBeanCreationException: Failed to determine a suitable driver class
	at org.springframework.beans.factory.support.ConstructorResolver.createArgumentArray(ConstructorResolver.java:729)
	at org.springframework.beans.factory.support.ConstructorResolver.instantiateUsingFactoryMethod(ConstructorResolver.java:470)
	at org.springframework.beans.factory.support.AbstractAutowireCapableBeanFactory.instantiateUsingFactoryMethod(AbstractAutowireCapableBeanFactory.java:1254)
	at org.springframework.beans.factory.support.AbstractAutowireCapableBeanFactory.createBeanInstance(AbstractAutowireCapableBeanFactory.java:1103)
	at org.springframework.beans.factory.support.AbstractAutowireCapableBeanFactory.doCreateBean(AbstractAutowireCapableBeanFactory.java:541)
	at org.springframework.beans.factory.support.AbstractAutowireCapableBeanFactory.createBean(AbstractAutowireCapableBeanFactory.java:501)
	at org.springframework.beans.factory.support.AbstractBeanFactory.lambda$doGetBean$0(AbstractBeanFactory.java:317)
	at org.springframework.beans.factory.support.DefaultSingletonBeanRegistry.getSingleton(DefaultSingletonBeanRegistry.java:228)
	at org.springframework.beans.factory.support.AbstractBeanFactory.doGetBean(AbstractBeanFactory.java:315)
	at org.springframework.beans.factory.support.AbstractBeanFactory.getBean(AbstractBeanFactory.java:199)
	at org.springframework.beans.factory.support.AbstractBeanFactory.doGetBean(AbstractBeanFactory.java:304)
	at org.springframework.beans.factory.support.AbstractBeanFactory.getBean(AbstractBeanFactory.java:199)
	at org.springframework.context.support.AbstractApplicationContext.getBean(AbstractApplicationContext.java:1089)
	at org.springframework.context.support.AbstractApplicationContext.finishBeanFactoryInitialization(AbstractApplicationContext.java:859)
	at org.springframework.context.support.AbstractApplicationContext.refresh(AbstractApplicationContext.java:550)
	at org.springframework.boot.SpringApplication.refresh(SpringApplication.java:759)
	at org.springframework.boot.SpringApplication.refreshContext(SpringApplication.java:395)
	at org.springframework.boot.SpringApplication.run(SpringApplication.java:327)
	at org.springframework.boot.test.context.SpringBootContextLoader.loadContext(SpringBootContextLoader.java:139)
	at org.springframework.test.context.cache.DefaultCacheAwareContextLoaderDelegate.loadContextInternal(DefaultCacheAwareContextLoaderDelegate.java:99)
	at org.springframework.test.context.cache.DefaultCacheAwareContextLoaderDelegate.loadContext(DefaultCacheAwareContextLoaderDelegate.java:117)
	... 48 more
Caused by: org.springframework.beans.factory.BeanCreationException: Error creating bean with name 'dataSource' defined in class path resource [org/springframework/boot/autoconfigure/jdbc/DataSourceConfiguration$Hikari.class]: Bean instantiation via factory method failed; nested exception is org.springframework.beans.BeanInstantiationException: Failed to instantiate [com.zaxxer.hikari.HikariDataSource]: Factory method 'dataSource' threw exception; nested exception is org.springframework.boot.autoconfigure.jdbc.DataSourceProperties$DataSourceBeanCreationException: Failed to determine a suitable driver class
	at org.springframework.beans.factory.support.ConstructorResolver.instantiateUsingFactoryMethod(ConstructorResolver.java:587)
	at org.springframework.beans.factory.support.AbstractAutowireCapableBeanFactory.instantiateUsingFactoryMethod(AbstractAutowireCapableBeanFactory.java:1254)
	at org.springframework.beans.factory.support.AbstractAutowireCapableBeanFactory.createBeanInstance(AbstractAutowireCapableBeanFactory.java:1103)
	at org.springframework.beans.factory.support.AbstractAutowireCapableBeanFactory.doCreateBean(AbstractAutowireCapableBeanFactory.java:541)
	at org.springframework.beans.factory.support.AbstractAutowireCapableBeanFactory.createBean(AbstractAutowireCapableBeanFactory.java:501)
	at org.springframework.beans.factory.support.AbstractBeanFactory.lambda$doGetBean$0(AbstractBeanFactory.java:317)
	at org.springframework.beans.factory.support.DefaultSingletonBeanRegistry.getSingleton(DefaultSingletonBeanRegistry.java:228)
	at org.springframework.beans.factory.support.AbstractBeanFactory.doGetBean(AbstractBeanFactory.java:315)
	at org.springframework.beans.factory.support.AbstractBeanFactory.getBean(AbstractBeanFactory.java:199)
	at org.springframework.beans.factory.config.DependencyDescriptor.resolveCandidate(DependencyDescriptor.java:251)
	at org.springframework.beans.factory.support.DefaultListableBeanFactory.doResolveDependency(DefaultListableBeanFactory.java:1138)
	at org.springframework.beans.factory.support.DefaultListableBeanFactory.resolveDependency(DefaultListableBeanFactory.java:1065)
	at org.springframework.beans.factory.support.ConstructorResolver.resolveAutowiredArgument(ConstructorResolver.java:815)
	at org.springframework.beans.factory.support.ConstructorResolver.createArgumentArray(ConstructorResolver.java:721)
	... 68 more
Caused by: org.springframework.beans.BeanInstantiationException: Failed to instantiate [com.zaxxer.hikari.HikariDataSource]: Factory method 'dataSource' threw exception; nested exception is org.springframework.boot.autoconfigure.jdbc.DataSourceProperties$DataSourceBeanCreationException: Failed to determine a suitable driver class
	at org.springframework.beans.factory.support.SimpleInstantiationStrategy.instantiate(SimpleInstantiationStrategy.java:185)
	at org.springframework.beans.factory.support.ConstructorResolver.instantiateUsingFactoryMethod(ConstructorResolver.java:579)
	... 81 more
Caused by: org.springframework.boot.autoconfigure.jdbc.DataSourceProperties$DataSourceBeanCreationException: Failed to determine a suitable driver class
	at org.springframework.boot.autoconfigure.jdbc.DataSourceProperties.determineDriverClassName(DataSourceProperties.java:236)
	at org.springframework.boot.autoconfigure.jdbc.DataSourceProperties.initializeDataSourceBuilder(DataSourceProperties.java:176)
	at org.springframework.boot.autoconfigure.jdbc.DataSourceConfiguration.createDataSource(DataSourceConfiguration.java:43)
	at org.springframework.boot.autoconfigure.jdbc.DataSourceConfiguration$Hikari.dataSource(DataSourceConfiguration.java:81)
	at sun.reflect.NativeMethodAccessorImpl.invoke0(Native Method)
	at sun.reflect.NativeMethodAccessorImpl.invoke(NativeMethodAccessorImpl.java:62)
	at sun.reflect.DelegatingMethodAccessorImpl.invoke(DelegatingMethodAccessorImpl.java:43)
	at java.lang.reflect.Method.invoke(Method.java:498)
	at org.springframework.beans.factory.support.SimpleInstantiationStrategy.instantiate(SimpleInstantiationStrategy.java:154)
	... 82 more
</failure>
  </testcase>
  <system-out><![CDATA[19:04:17.192 [Test worker] DEBUG org.springframework.test.context.junit4.SpringJUnit4ClassRunner - SpringJUnit4ClassRunner constructor called with [class com.ford.purchasing.ndpc.NdpcApplicationTests]
19:04:17.214 [Test worker] DEBUG org.springframework.test.context.BootstrapUtils - Instantiating CacheAwareContextLoaderDelegate from class [org.springframework.test.context.cache.DefaultCacheAwareContextLoaderDelegate]
19:04:17.247 [Test worker] DEBUG org.springframework.test.context.BootstrapUtils - Instantiating BootstrapContext using constructor [public org.springframework.test.context.support.DefaultBootstrapContext(java.lang.Class,org.springframework.test.context.CacheAwareContextLoaderDelegate)]
19:04:17.274 [Test worker] DEBUG org.springframework.test.context.BootstrapUtils - Instantiating TestContextBootstrapper for test class [com.ford.purchasing.ndpc.NdpcApplicationTests] from class [org.springframework.boot.test.context.SpringBootTestContextBootstrapper]
19:04:17.348 [Test worker] INFO org.springframework.boot.test.context.SpringBootTestContextBootstrapper - Neither @ContextConfiguration nor @ContextHierarchy found for test class [com.ford.purchasing.ndpc.NdpcApplicationTests], using SpringBootContextLoader
19:04:17.374 [Test worker] DEBUG org.springframework.test.context.support.AbstractContextLoader - Did not detect default resource location for test class [com.ford.purchasing.ndpc.NdpcApplicationTests]: class path resource [com/ford/purchasing/ndpc/NdpcApplicationTests-context.xml] does not exist
19:04:17.375 [Test worker] DEBUG org.springframework.test.context.support.AbstractContextLoader - Did not detect default resource location for test class [com.ford.purchasing.ndpc.NdpcApplicationTests]: class path resource [com/ford/purchasing/ndpc/NdpcApplicationTestsContext.groovy] does not exist
19:04:17.375 [Test worker] INFO org.springframework.test.context.support.AbstractContextLoader - Could not detect default resource locations for test class [com.ford.purchasing.ndpc.NdpcApplicationTests]: no resource found for suffixes {-context.xml, Context.groovy}.
19:04:17.376 [Test worker] INFO org.springframework.test.context.support.AnnotationConfigContextLoaderUtils - Could not detect default configuration classes for test class [com.ford.purchasing.ndpc.NdpcApplicationTests]: NdpcApplicationTests does not declare any static, non-private, non-final, nested classes annotated with @Configuration.
19:04:17.501 [Test worker] DEBUG org.springframework.test.context.support.ActiveProfilesUtils - Could not find an 'annotation declaring class' for annotation type [org.springframework.test.context.ActiveProfiles] and class [com.ford.purchasing.ndpc.NdpcApplicationTests]
19:04:17.535 [Test worker] DEBUG org.springframework.core.env.StandardEnvironment - Adding PropertySource 'systemProperties' with lowest search precedence
19:04:17.536 [Test worker] DEBUG org.springframework.core.env.StandardEnvironment - Adding PropertySource 'systemEnvironment' with lowest search precedence
19:04:17.536 [Test worker] DEBUG org.springframework.core.env.StandardEnvironment - Initialized StandardEnvironment with PropertySources [MapPropertySource@1099955859 {name='systemProperties', properties={java.runtime.name=Java(TM) SE Runtime Environment, sun.boot.library.path=C:\ford\jdk\oracle\jdk1.8.0_121\jre\bin, java.vm.version=25.121-b13, java.vm.vendor=Oracle Corporation, java.vendor.url=http://java.oracle.com/, path.separator=;, java.vm.name=Java HotSpot(TM) 64-Bit Server VM, file.encoding.pkg=sun.io, user.script=, sun.java.launcher=SUN_STANDARD, user.country=US, sun.os.patch.level=, java.vm.specification.name=Java Virtual Machine Specification, user.dir=C:\Projects\GitHub\ndpc\ndpcMiddleLayer\ndpc, java.runtime.version=1.8.0_121-b13, java.awt.graphicsenv=sun.awt.Win32GraphicsEnvironment, java.endorsed.dirs=C:\ford\jdk\oracle\jdk1.8.0_121\jre\lib\endorsed, os.arch=amd64, java.io.tmpdir=C:\Users\tchitamb\AppData\Local\Temp\, line.separator=
, java.vm.specification.vendor=Oracle Corporation, user.variant=, os.name=Windows 10, sun.jnu.encoding=Cp1252, java.library.path=C:\ford\jdk\oracle\jdk1.8.0_121\bin;C:\WINDOWS\Sun\Java\bin;C:\WINDOWS\system32;C:\WINDOWS;C:\ProgramData\Oracle\Java\javapath;C:\Program Files (x86)\MKS Toolkit\mksnt;C:\PROGRA~2\MKSTOO~1\bin64;C:\PROGRA~2\MKSTOO~1\bin;C:\PROGRA~2\MKSTOO~1\bin\X11;C:\PROGRA~2\MKSTOO~1\mksnt;C:\PROGRA~1\IBM\InformationServer\ASBNode\apps\jre\bin\classic;C:\PROGRA~1\IBM\InformationServer\ASBNode\lib\cpp;C:\PROGRA~1\IBM\InformationServer\ASBNode\apps\proxy\cpp\vc60\MT_dll\bin;C:\Program Files\Teradata\client\15.00\Teradata Parallel Transporter\bin64;C:\Program Files\Teradata\client\15.00\Teradata Parallel Transporter\msg64;C:\Program Files (x86)\Teradata\client\15.00\Teradata Parallel Transporter\bin;C:\Program Files (x86)\Teradata\client\15.00\Teradata Parallel Transporter\msg;C:\Program Files\Teradata\Client\15.00\bin;C:\Program Files (x86)\Teradata\Client\15.00\bin;C:\Program Files\Teradata\Client\15.00\ODBC Driver for Teradata nt-x8664\Lib;C:\Program Files (x86)\Teradata\Client\15.00\ODBC Driver for Teradata\Lib;C:\Program Files\Teradata\Client\15.00\bin\;C:\Program Files (x86)\Teradata\Client\15.00\bin\;C:\legacy\product\11.2.0\client_1\bin;C:\WINDOWS\system32;C:\WINDOWS;C:\WINDOWS\System32\Wbem;C:\WINDOWS\System32\WindowsPowerShell\v1.0\;C:\Program Files\7-Zip;C:\Program Files\Adobe\Adobe PDF iFilter 11 for 64-bit platforms\bin\;C:\Program Files (x86)\AccuRev\bin;C:\Program Files (x86)\Microsoft SQL Server\100\Tools\Binn\VSShell\Common7\IDE\;C:\Program Files (x86)\Microsoft SQL Server\100\Tools\Binn\;C:\Program Files\Microsoft SQL Server\100\Tools\Binn\;C:\Program Files (x86)\Microsoft Visual Studio 9.0\Common7\IDE\PrivateAssemblies\;C:\Program Files (x86)\Microsoft SQL Server\100\DTS\Binn\;C:\Program Files\Microsoft SQL Server\100\DTS\Binn\;C:\Program Files\nodejs;C:\Program Files (x86)\PuTTY;C:\Users\tchitamb\AppData\Roaming\npm;%JAVA_HOME%\bin;%GRADLE_HOME%\bin;C:\Program Files\nodejs\;C:\Program Files (x86)\WebEx\Productivity Tools;C:\Program Files\Git\cmd;C:\Program Files\Cloud Foundry;C:\Program Files\PuTTY;C:\maven\apache-maven-3.5.3\bin;C:\ford\gradle\2.14.1\bin;C:\Program Files\nodejs;C:\Users\tchitamb\AppData\Roaming\npm;C:\Program Files\Java\jdk1.8.0_151\bin;., java.specification.name=Java Platform API Specification, java.class.version=52.0, org.gradle.native=false, sun.management.compiler=HotSpot 64-Bit Tiered Compilers, os.version=10.0, user.home=C:\Users\tchitamb, user.timezone=Asia/Calcutta, java.awt.printerjob=sun.awt.windows.WPrinterJob, file.encoding=windows-1252, java.specification.version=1.8, java.class.path=C:\Projects\GitHub\ndpc\ndpcMiddleLayer\ndpc\build\classes\java\test;C:\Projects\GitHub\ndpc\ndpcMiddleLayer\ndpc\build\resources\test;C:\Projects\GitHub\ndpc\ndpcMiddleLayer\ndpc\build\classes\java\main;C:\Projects\GitHub\ndpc\ndpcMiddleLayer\ndpc\build\resources\main;C:\Users\tchitamb\.gradle\caches\modules-2\files-2.1\org.springframework.boot\spring-boot-starter-data-jpa\2.0.2.RELEASE\a277d15c247684aaef38852a2e71b8b1ef7357e6\spring-boot-starter-data-jpa-2.0.2.RELEASE.jar;C:\Users\tchitamb\.gradle\caches\modules-2\files-2.1\org.springframework.boot\spring-boot-starter-security\2.0.2.RELEASE\ef280d41ff37acd66d5b411b1de845cc33067102\spring-boot-starter-security-2.0.2.RELEASE.jar;C:\Users\tchitamb\.gradle\caches\modules-2\files-2.1\org.springframework.boot\spring-boot-starter-web\2.0.2.RELEASE\b6ef0cf4d0a7c6c7e93ff524b84cd1d8f87f67d9\spring-boot-starter-web-2.0.2.RELEASE.jar;C:\Users\tchitamb\.gradle\caches\modules-2\files-2.1\org.springframework.boot\spring-boot-devtools\2.0.2.RELEASE\ed2b1c877b0c00ef7f961bd118e420a49de3c970\spring-boot-devtools-2.0.2.RELEASE.jar;C:\Users\tchitamb\.gradle\caches\modules-2\files-2.1\org.springframework.boot\spring-boot-starter-test\2.0.2.RELEASE\d9e090412f318586e0f277e24740b79b58ef190b\spring-boot-starter-test-2.0.2.RELEASE.jar;C:\Users\tchitamb\.gradle\caches\modules-2\files-2.1\org.springframework.security\spring-security-test\5.0.5.RELEASE\d620e383128de4426db18016a667891eed89091\spring-security-test-5.0.5.RELEASE.jar;C:\Users\tchitamb\.gradle\caches\modules-2\files-2.1\org.springframework.boot\spring-boot-starter-aop\2.0.2.RELEASE\b0b0c7dcfdffaef1b04886c0279772905bc7e9d2\spring-boot-starter-aop-2.0.2.RELEASE.jar;C:\Users\tchitamb\.gradle\caches\modules-2\files-2.1\org.springframework.boot\spring-boot-starter-jdbc\2.0.2.RELEASE\f93c2459a06061f889b837d1c2503055df024778\spring-boot-starter-jdbc-2.0.2.RELEASE.jar;C:\Users\tchitamb\.gradle\caches\modules-2\files-2.1\org.springframework.boot\spring-boot-starter-json\2.0.2.RELEASE\5edda979838ced5314b8f58a958fe9d6b4b3badd\spring-boot-starter-json-2.0.2.RELEASE.jar;C:\Users\tchitamb\.gradle\caches\modules-2\files-2.1\org.springframework.boot\spring-boot-starter\2.0.2.RELEASE\1cda94f0dfcf2b065191782a54b84d2abf96391\spring-boot-starter-2.0.2.RELEASE.jar;C:\Users\tchitamb\.gradle\caches\modules-2\files-2.1\org.hibernate\hibernate-core\5.2.17.Final\f2dc36470e7a2ffcf6106bb1625ecf5b54bb5f65\hibernate-core-5.2.17.Final.jar;C:\Users\tchitamb\.gradle\caches\modules-2\files-2.1\javax.transaction\javax.transaction-api\1.2\d81aff979d603edd90dcd8db2abc1f4ce6479e3e\javax.transaction-api-1.2.jar;C:\Users\tchitamb\.gradle\caches\modules-2\files-2.1\org.springframework.data\spring-data-jpa\2.0.7.RELEASE\9f201f3d3435a9e5422e0edcff3475c46215ffb\spring-data-jpa-2.0.7.RELEASE.jar;C:\Users\tchitamb\.gradle\caches\modules-2\files-2.1\org.springframework\spring-aspects\5.0.6.RELEASE\45a7631a64eb82625067587b9796d4418d9e0568\spring-aspects-5.0.6.RELEASE.jar;C:\Users\tchitamb\.gradle\caches\modules-2\files-2.1\org.springframework.security\spring-security-config\5.0.5.RELEASE\5d360adc638fc5f55e7364f2544a962ae26e0cfd\spring-security-config-5.0.5.RELEASE.jar;C:\Users\tchitamb\.gradle\caches\modules-2\files-2.1\org.springframework.security\spring-security-web\5.0.5.RELEASE\14b987fee57348c373c5228e23ceb244d872e298\spring-security-web-5.0.5.RELEASE.jar;C:\Users\tchitamb\.gradle\caches\modules-2\files-2.1\org.springframework\spring-webmvc\5.0.6.RELEASE\1361c5d1cf46665ee01de5dc1ca447c3be174c19\spring-webmvc-5.0.6.RELEASE.jar;C:\Users\tchitamb\.gradle\caches\modules-2\files-2.1\org.springframework.security\spring-security-core\5.0.5.RELEASE\d8fb6f4bcb03a1b124b4a0a50b574978496ae0ba\spring-security-core-5.0.5.RELEASE.jar;C:\Users\tchitamb\.gradle\caches\modules-2\files-2.1\org.springframework.boot\spring-boot-test-autoconfigure\2.0.2.RELEASE\4993bdd96a4c02bc5b5703862d99ef4c563f25d0\spring-boot-test-autoconfigure-2.0.2.RELEASE.jar;C:\Users\tchitamb\.gradle\caches\modules-2\files-2.1\org.springframework.boot\spring-boot-autoconfigure\2.0.2.RELEASE\f4b25e753e4955337a138d8b1550236b5efe5b3b\spring-boot-autoconfigure-2.0.2.RELEASE.jar;C:\Users\tchitamb\.gradle\caches\modules-2\files-2.1\org.springframework.boot\spring-boot-test\2.0.2.RELEASE\fc85812e6543312a3b0ea9fbbdfd4a51183380a3\spring-boot-test-2.0.2.RELEASE.jar;C:\Users\tchitamb\.gradle\caches\modules-2\files-2.1\org.springframework.boot\spring-boot\2.0.2.RELEASE\15012cf02e9f77938244e554f0598535fdd1cb38\spring-boot-2.0.2.RELEASE.jar;C:\Users\tchitamb\.gradle\caches\modules-2\files-2.1\org.springframework\spring-context\5.0.6.RELEASE\8b73b742ef0ddce04f0f1068f305de240b00ce0d\spring-context-5.0.6.RELEASE.jar;C:\Users\tchitamb\.gradle\caches\modules-2\files-2.1\org.springframework\spring-aop\5.0.6.RELEASE\74078df698992054c1c1a8f705763a6c7b4b914c\spring-aop-5.0.6.RELEASE.jar;C:\Users\tchitamb\.gradle\caches\modules-2\files-2.1\org.springframework.boot\spring-boot-starter-tomcat\2.0.2.RELEASE\cedbfb18762e1c220007c768bfc5b773f5b30f8a\spring-boot-starter-tomcat-2.0.2.RELEASE.jar;C:\Users\tchitamb\.gradle\caches\modules-2\files-2.1\org.hibernate.validator\hibernate-validator\6.0.9.Final\b149e4cce82379f11f6129eb3187ca8ae5404005\hibernate-validator-6.0.9.Final.jar;C:\Users\tchitamb\.gradle\caches\modules-2\files-2.1\org.springframework\spring-web\5.0.6.RELEASE\89e89de3025165998118590613aedc6df8d64af6\spring-web-5.0.6.RELEASE.jar;C:\Users\tchitamb\.gradle\caches\modules-2\files-2.1\com.jayway.jsonpath\json-path\2.4.0\765a4401ceb2dc8d40553c2075eb80a8fa35c2ae\json-path-2.4.0.jar;C:\Users\tchitamb\.gradle\caches\modules-2\files-2.1\junit\junit\4.12\2973d150c0dc1fefe998f834810d68f278ea58ec\junit-4.12.jar;C:\Users\tchitamb\.gradle\caches\modules-2\files-2.1\org.assertj\assertj-core\3.9.1\c5ce126b15f28d56cd8f960c1a6a058b9c9aea87\assertj-core-3.9.1.jar;C:\Users\tchitamb\.gradle\caches\modules-2\files-2.1\org.mockito\mockito-core\2.15.0\b84bfbbc29cd22c9529409627af6ea2897f4fa85\mockito-core-2.15.0.jar;C:\Users\tchitamb\.gradle\caches\modules-2\files-2.1\org.hamcrest\hamcrest-library\1.3\4785a3c21320980282f9f33d0d1264a69040538f\hamcrest-library-1.3.jar;C:\Users\tchitamb\.gradle\caches\modules-2\files-2.1\org.hamcrest\hamcrest-core\1.3\42a25dc3219429f0e5d060061f71acb49bf010a0\hamcrest-core-1.3.jar;C:\Users\tchitamb\.gradle\caches\modules-2\files-2.1\org.skyscreamer\jsonassert\1.5.0\6c9d5fe2f59da598d9aefc1cfc6528ff3cf32df3\jsonassert-1.5.0.jar;C:\Users\tchitamb\.gradle\caches\modules-2\files-2.1\org.springframework\spring-test\5.0.6.RELEASE\dbc99b288774b2e07d94bc14fe38d556bc3ed34a\spring-test-5.0.6.RELEASE.jar;C:\Users\tchitamb\.gradle\caches\modules-2\files-2.1\org.springframework\spring-orm\5.0.6.RELEASE\7a08073597b79dfcd4db1cffa924f2b991a14a20\spring-orm-5.0.6.RELEASE.jar;C:\Users\tchitamb\.gradle\caches\modules-2\files-2.1\org.springframework\spring-jdbc\5.0.6.RELEASE\7d4de1ee9b042774e09ceb88393e5a564e342729\spring-jdbc-5.0.6.RELEASE.jar;C:\Users\tchitamb\.gradle\caches\modules-2\files-2.1\org.springframework.data\spring-data-commons\2.0.7.RELEASE\7faa0fb2ffa50a5c50ad9f10118095ae24d5c6e1\spring-data-commons-2.0.7.RELEASE.jar;C:\Users\tchitamb\.gradle\caches\modules-2\files-2.1\org.springframework\spring-tx\5.0.6.RELEASE\1b6ffc44f2d59507a0fce1084fcc21788b13904\spring-tx-5.0.6.RELEASE.jar;C:\Users\tchitamb\.gradle\caches\modules-2\files-2.1\org.springframework\spring-beans\5.0.6.RELEASE\d609b83cd8a71650a70778cf8d02c9a05b9161fe\spring-beans-5.0.6.RELEASE.jar;C:\Users\tchitamb\.gradle\caches\modules-2\files-2.1\org.springframework\spring-expression\5.0.6.RELEASE\dec57ae5e6f0dfd4c6cfc199aa13ed268c3e1a65\spring-expression-5.0.6.RELEASE.jar;C:\Users\tchitamb\.gradle\caches\modules-2\files-2.1\org.springframework\spring-core\5.0.6.RELEASE\984a52455b1be596b7f1a29f62d21d2f483eb764\spring-core-5.0.6.RELEASE.jar;C:\Users\tchitamb\.gradle\caches\modules-2\files-2.1\org.xmlunit\xmlunit-core\2.5.1\4ffdb346572a7356f7521cd3119ce5287d2e339d\xmlunit-core-2.5.1.jar;C:\Users\tchitamb\.gradle\caches\modules-2\files-2.1\org.springframework.boot\spring-boot-starter-logging\2.0.2.RELEASE\b56d7d1931792d6e58dbd41f956912359ba85238\spring-boot-starter-logging-2.0.2.RELEASE.jar;C:\Users\tchitamb\.gradle\caches\modules-2\files-2.1\javax.annotation\javax.annotation-api\1.3.2\934c04d3cfef185a8008e7bf34331b79730a9d43\javax.annotation-api-1.3.2.jar;C:\Users\tchitamb\.gradle\caches\modules-2\files-2.1\org.yaml\snakeyaml\1.19\2d998d3d674b172a588e54ab619854d073f555b5\snakeyaml-1.19.jar;C:\Users\tchitamb\.gradle\caches\modules-2\files-2.1\org.aspectj\aspectjweaver\1.8.13\ad94df2a28d658a40dc27bbaff6a1ce5fbf04e9b\aspectjweaver-1.8.13.jar;C:\Users\tchitamb\.gradle\caches\modules-2\files-2.1\com.zaxxer\HikariCP\2.7.9\a83113d2c091d0d0f853dad3217bd7df3beb6ae3\HikariCP-2.7.9.jar;C:\Users\tchitamb\.gradle\caches\modules-2\files-2.1\org.hibernate.common\hibernate-commons-annotations\5.0.1.Final\71e1cff3fcb20d3b3af4f3363c3ddb24d33c6879\hibernate-commons-annotations-5.0.1.Final.jar;C:\Users\tchitamb\.gradle\caches\modules-2\files-2.1\org.jboss.logging\jboss-logging\3.3.2.Final\3789d00e859632e6c6206adc0c71625559e6e3b0\jboss-logging-3.3.2.Final.jar;C:\Users\tchitamb\.gradle\caches\modules-2\files-2.1\org.hibernate.javax.persistence\hibernate-jpa-2.1-api\1.0.0.Final\5e731d961297e5a07290bfaf3db1fbc8bbbf405a\hibernate-jpa-2.1-api-1.0.0.Final.jar;C:\Users\tchitamb\.gradle\caches\modules-2\files-2.1\org.javassist\javassist\3.22.0-GA\3e83394258ae2089be7219b971ec21a8288528ad\javassist-3.22.0-GA.jar;C:\Users\tchitamb\.gradle\caches\modules-2\files-2.1\antlr\antlr\2.7.7\83cd2cd674a217ade95a4bb83a8a14f351f48bd0\antlr-2.7.7.jar;C:\Users\tchitamb\.gradle\caches\modules-2\files-2.1\org.jboss\jandex\2.0.3.Final\bfc4d6257dbff7a33a357f0de116be6ff951d849\jandex-2.0.3.Final.jar;C:\Users\tchitamb\.gradle\caches\modules-2\files-2.1\com.fasterxml\classmate\1.3.4\3d5f48f10bbe4eb7bd862f10c0583be2e0053c6\classmate-1.3.4.jar;C:\Users\tchitamb\.gradle\caches\modules-2\files-2.1\dom4j\dom4j\1.6.1\5d3ccc056b6f056dbf0dddfdf43894b9065a8f94\dom4j-1.6.1.jar;C:\Users\tchitamb\.gradle\caches\modules-2\files-2.1\ch.qos.logback\logback-classic\1.2.3\7c4f3c474fb2c041d8028740440937705ebb473a\logback-classic-1.2.3.jar;C:\Users\tchitamb\.gradle\caches\modules-2\files-2.1\org.apache.logging.log4j\log4j-to-slf4j\2.10.0\f7e631ccf49cfc0aefa4a2a728da7d374c05bd3c\log4j-to-slf4j-2.10.0.jar;C:\Users\tchitamb\.gradle\caches\modules-2\files-2.1\org.slf4j\jul-to-slf4j\1.7.25\af5364cd6679bfffb114f0dec8a157aaa283b76\jul-to-slf4j-1.7.25.jar;C:\Users\tchitamb\.gradle\caches\modules-2\files-2.1\org.slf4j\slf4j-api\1.7.25\da76ca59f6a57ee3102f8f9bd9cee742973efa8a\slf4j-api-1.7.25.jar;C:\Users\tchitamb\.gradle\caches\modules-2\files-2.1\com.fasterxml.jackson.datatype\jackson-datatype-jdk8\2.9.5\23e37f085279ba316c0df923513b81609e1d1f6\jackson-datatype-jdk8-2.9.5.jar;C:\Users\tchitamb\.gradle\caches\modules-2\files-2.1\com.fasterxml.jackson.datatype\jackson-datatype-jsr310\2.9.5\d1f0d11e816bc04e222a261106ca138801841c2d\jackson-datatype-jsr310-2.9.5.jar;C:\Users\tchitamb\.gradle\caches\modules-2\files-2.1\com.fasterxml.jackson.module\jackson-module-parameter-names\2.9.5\f824c60751ffb7bfc3a0d30dfe0e42317d8e67f5\jackson-module-parameter-names-2.9.5.jar;C:\Users\tchitamb\.gradle\caches\modules-2\files-2.1\com.fasterxml.jackson.core\jackson-databind\2.9.5\3490508379d065fe3fcb80042b62f630f7588606\jackson-databind-2.9.5.jar;C:\Users\tchitamb\.gradle\caches\modules-2\files-2.1\org.apache.tomcat.embed\tomcat-embed-websocket\8.5.31\6564e716b89de5eaa0dd234ae7989576503ddf3\tomcat-embed-websocket-8.5.31.jar;C:\Users\tchitamb\.gradle\caches\modules-2\files-2.1\org.apache.tomcat.embed\tomcat-embed-core\8.5.31\f5adf7ed8c34aa005b22b6a2dc7b6796e10e9c79\tomcat-embed-core-8.5.31.jar;C:\Users\tchitamb\.gradle\caches\modules-2\files-2.1\org.apache.tomcat.embed\tomcat-embed-el\8.5.31\3a536e1ac71b82627c3a7408eb38fa0704cb9034\tomcat-embed-el-8.5.31.jar;C:\Users\tchitamb\.gradle\caches\modules-2\files-2.1\javax.validation\validation-api\2.0.1.Final\cb855558e6271b1b32e716d24cb85c7f583ce09e\validation-api-2.0.1.Final.jar;C:\Users\tchitamb\.gradle\caches\modules-2\files-2.1\net.minidev\json-smart\2.3\7396407491352ce4fa30de92efb158adb76b5b\json-smart-2.3.jar;C:\Users\tchitamb\.gradle\caches\modules-2\files-2.1\net.bytebuddy\byte-buddy\1.7.11\f02857a4e2c66ccbe7aaad6100a0a6c461bce9b3\byte-buddy-1.7.11.jar;C:\Users\tchitamb\.gradle\caches\modules-2\files-2.1\net.bytebuddy\byte-buddy-agent\1.7.11\b425a8933ca07edd03c6dbc8bc3b595fba9780de\byte-buddy-agent-1.7.11.jar;C:\Users\tchitamb\.gradle\caches\modules-2\files-2.1\org.objenesis\objenesis\2.6\639033469776fd37c08358c6b92a4761feb2af4b\objenesis-2.6.jar;C:\Users\tchitamb\.gradle\caches\modules-2\files-2.1\com.vaadin.external.google\android-json\0.0.20131108.vaadin1\fa26d351fe62a6a17f5cda1287c1c6110dec413f\android-json-0.0.20131108.vaadin1.jar;C:\Users\tchitamb\.gradle\caches\modules-2\files-2.1\org.springframework\spring-jcl\5.0.6.RELEASE\295ee4e8657e9c1fd327735c01d5fbce339cc44d\spring-jcl-5.0.6.RELEASE.jar;C:\Users\tchitamb\.gradle\caches\modules-2\files-2.1\com.fasterxml.jackson.core\jackson-annotations\2.9.0\7c10d545325e3a6e72e06381afe469fd40eb701\jackson-annotations-2.9.0.jar;C:\Users\tchitamb\.gradle\caches\modules-2\files-2.1\com.fasterxml.jackson.core\jackson-core\2.9.5\a22ac51016944b06fd9ffbc9541c6e7ce5eea117\jackson-core-2.9.5.jar;C:\Users\tchitamb\.gradle\caches\modules-2\files-2.1\net.minidev\accessors-smart\1.2\c592b500269bfde36096641b01238a8350f8aa31\accessors-smart-1.2.jar;C:\Users\tchitamb\.gradle\caches\modules-2\files-2.1\ch.qos.logback\logback-core\1.2.3\864344400c3d4d92dfeb0a305dc87d953677c03c\logback-core-1.2.3.jar;C:\Users\tchitamb\.gradle\caches\modules-2\files-2.1\org.apache.logging.log4j\log4j-api\2.10.0\fec5797a55b786184a537abd39c3fa1449d752d6\log4j-api-2.10.0.jar;C:\Users\tchitamb\.gradle\caches\modules-2\files-2.1\org.ow2.asm\asm\5.0.4\da08b8cce7bbf903602a25a3a163ae252435795\asm-5.0.4.jar, user.name=tchitamb, java.vm.specification.version=1.8, sun.java.command=worker.org.gradle.process.internal.worker.GradleWorkerMain 'Gradle Test Executor 1', java.home=C:\ford\jdk\oracle\jdk1.8.0_121\jre, sun.arch.data.model=64, user.language=en, java.specification.vendor=Oracle Corporation, awt.toolkit=sun.awt.windows.WToolkit, java.vm.info=mixed mode, java.version=1.8.0_121, java.ext.dirs=C:\ford\jdk\oracle\jdk1.8.0_121\jre\lib\ext;C:\WINDOWS\Sun\Java\lib\ext, sun.boot.class.path=C:\ford\jdk\oracle\jdk1.8.0_121\jre\lib\resources.jar;C:\ford\jdk\oracle\jdk1.8.0_121\jre\lib\rt.jar;C:\ford\jdk\oracle\jdk1.8.0_121\jre\lib\sunrsasign.jar;C:\ford\jdk\oracle\jdk1.8.0_121\jre\lib\jsse.jar;C:\ford\jdk\oracle\jdk1.8.0_121\jre\lib\jce.jar;C:\ford\jdk\oracle\jdk1.8.0_121\jre\lib\charsets.jar;C:\ford\jdk\oracle\jdk1.8.0_121\jre\lib\jfr.jar;C:\ford\jdk\oracle\jdk1.8.0_121\jre\classes, java.vendor=Oracle Corporation, org.gradle.test.worker=1, file.separator=\, java.vendor.url.bug=http://bugreport.sun.com/bugreport/, sun.io.unicode.encoding=UnicodeLittle, sun.cpu.endian=little, sun.desktop=windows, sun.cpu.isalist=amd64}}, SystemEnvironmentPropertySource@1705661158 {name='systemEnvironment', properties={USERDOMAIN_ROAMINGPROFILE=FORDAP1, PROCESSOR_LEVEL=6, FP_NO_HOST_CHECK=NO, SESSIONNAME=Console, ALLUSERSPROFILE=C:\ProgramData, PROCESSOR_ARCHITECTURE=AMD64, PSModulePath=C:\WINDOWS\system32\WindowsPowerShell\v1.0\Modules\, SystemDrive=C:, =E:=E:\, DataConnectorLibPath=C:\Program Files\Teradata\Client\15.00\bin\;C:\Program Files (x86)\Teradata\Client\15.00\bin\, USERNAME=tchitamb, USERDNSDOMAIN=AP1.FORD.COM, ProgramFiles(x86)=C:\Program Files (x86), MAN_TXT_INDEX=C:/PROGRA~2/MKSTOO~1/etc/tkutil.idx;C:/PROGRA~2/MKSTOO~1/etc/tkapi.idx;C:/PROGRA~2/MKSTOO~1/etc/tcltk.idx;C:/PROGRA~2/MKSTOO~1/etc/tkcurses.idx, PATHEXT=.COM;.EXE;.BAT;.CMD;.VBS;.VBE;.JS;.JSE;.WSF;.WSH;.MSC;.sh;.ksh;.csh;.sed;.awk;.pl, SHELL=C:/PROGRA~2/MKSTOO~1/mksnt/sh.exe, WAS80_HOME=C:\IBM\WAS80, TERMINFO=C:\PROGRA~2\MKSTOO~1\usr\lib\terminfo, TMPDIR=C:/Users/tchitamb/AppData/Local/Temp, ProgramData=C:\ProgramData, ProgramW6432=C:\Program Files, HOMEPATH=\Users\tchitamb, PROCESSOR_IDENTIFIER=Intel64 Family 6 Model 60 Stepping 3, GenuineIntel, TERMCAP=C:\PROGRA~2\MKSTOO~1\etc\termcap, ProgramFiles=C:\Program Files, PUBLIC=C:\Users\Public, windir=C:\WINDOWS, MAN_CHM_INDEX=C:/PROGRA~2/MKSTOO~1/etc/chm/tkutil.idx;C:/PROGRA~2/MKSTOO~1/etc/chm/tkapi.idx;C:/PROGRA~2/MKSTOO~1/etc/chm/tcltk.idx;C:/PROGRA~2/MKSTOO~1/etc/chm/tkcurses.idx, LOCALAPPDATA=C:\Users\tchitamb\AppData\Local, ROOTDIR=C:/PROGRA~2/MKSTOO~1, USERDOMAIN=FORDAP1, LOGONSERVER=\\ICMAP103, JAVA_HOME=C:\Program Files\Java\jdk1.8.0_151, TERM=nutc, GRADLE_HOME=C:\ford\gradle\4.1, COPLIB=C:\Program Files\Teradata\Client\15.00\bin\;C:\Program Files (x86)\Teradata\Client\15.00\bin\, DISPLAY=:0.0, APPDATA=C:\Users\tchitamb\AppData\Roaming, windows_tracing_logfile=C:\BVTBin\Tests\installpackage\csilogfile.log, NODE_PATH=C:\Program Files\nodejs, CommonProgramFiles=C:\Program Files\Common Files, Path=C:\ProgramData\Oracle\Java\javapath;C:\Program Files (x86)\MKS Toolkit\mksnt;C:\PROGRA~2\MKSTOO~1\bin64;C:\PROGRA~2\MKSTOO~1\bin;C:\PROGRA~2\MKSTOO~1\bin\X11;C:\PROGRA~2\MKSTOO~1\mksnt;C:\PROGRA~1\IBM\InformationServer\ASBNode\apps\jre\bin\classic;C:\PROGRA~1\IBM\InformationServer\ASBNode\lib\cpp;C:\PROGRA~1\IBM\InformationServer\ASBNode\apps\proxy\cpp\vc60\MT_dll\bin;C:\Program Files\Teradata\client\15.00\Teradata Parallel Transporter\bin64;C:\Program Files\Teradata\client\15.00\Teradata Parallel Transporter\msg64;C:\Program Files (x86)\Teradata\client\15.00\Teradata Parallel Transporter\bin;C:\Program Files (x86)\Teradata\client\15.00\Teradata Parallel Transporter\msg;C:\Program Files\Teradata\Client\15.00\bin;C:\Program Files (x86)\Teradata\Client\15.00\bin;C:\Program Files\Teradata\Client\15.00\ODBC Driver for Teradata nt-x8664\Lib;C:\Program Files (x86)\Teradata\Client\15.00\ODBC Driver for Teradata\Lib;C:\Program Files\Teradata\Client\15.00\bin\;C:\Program Files (x86)\Teradata\Client\15.00\bin\;C:\legacy\product\11.2.0\client_1\bin;C:\WINDOWS\system32;C:\WINDOWS;C:\WINDOWS\System32\Wbem;C:\WINDOWS\System32\WindowsPowerShell\v1.0\;C:\Program Files\7-Zip;C:\Program Files\Adobe\Adobe PDF iFilter 11 for 64-bit platforms\bin\;C:\Program Files (x86)\AccuRev\bin;C:\Program Files (x86)\Microsoft SQL Server\100\Tools\Binn\VSShell\Common7\IDE\;C:\Program Files (x86)\Microsoft SQL Server\100\Tools\Binn\;C:\Program Files\Microsoft SQL Server\100\Tools\Binn\;C:\Program Files (x86)\Microsoft Visual Studio 9.0\Common7\IDE\PrivateAssemblies\;C:\Program Files (x86)\Microsoft SQL Server\100\DTS\Binn\;C:\Program Files\Microsoft SQL Server\100\DTS\Binn\;C:\Program Files\nodejs;C:\Program Files (x86)\PuTTY;C:\Users\tchitamb\AppData\Roaming\npm;%JAVA_HOME%\bin;%GRADLE_HOME%\bin;C:\Program Files\nodejs\;C:\Program Files (x86)\WebEx\Productivity Tools;C:\Program Files\Git\cmd;C:\Program Files\Cloud Foundry;C:\Program Files\PuTTY;C:\maven\apache-maven-3.5.3\bin;C:\ford\gradle\2.14.1\bin;C:\Program Files\nodejs;C:\Users\tchitamb\AppData\Roaming\npm;C:\Program Files\Java\jdk1.8.0_151\bin, NUTCROOT=C:\PROGRA~2\MKSTOO~1, OS=Windows_NT, windows_tracing_flags=3, COMPUTERNAME=WGC1008B24T72, PROCESSOR_REVISION=3c03, CLASSPATH=C:\Program Files\Teradata\Client\15.00\bin\;C:\Program Files\Teradata\Client\15.00\bin\tdgeospatial.jar;C:\Program Files (x86)\Teradata\Client\15.00\bin\;C:\Program Files (x86)\Teradata\Client\15.00\bin\tdgeospatial.jar, CommonProgramW6432=C:\Program Files\Common Files, ComSpec=C:\WINDOWS\system32\cmd.exe, UATDATA=C:\windows\CCM\UATData\D9F8C395-CAB8-491d-B8AC-179A1FE1BE77, SystemRoot=C:\WINDOWS, TEMP=C:\Users\tchitamb\AppData\Local\Temp, HOMEDRIVE=C:, USERPROFILE=C:\Users\tchitamb, TMP=C:\Users\tchitamb\AppData\Local\Temp, CommonProgramFiles(x86)=C:\Program Files (x86)\Common Files, NUMBER_OF_PROCESSORS=4, MAN_HTM_PATHS=C:/PROGRA~2/MKSTOO~1/etc/htm/perl;C:/PROGRA~2/MKSTOO~1/etc/htm/perl/pod;C:/PROGRA~2/MKSTOO~1/etc/htm/perl/ext;C:/PROGRA~2/MKSTOO~1/etc/htm/perl/lib, HOME=C:\Users\tchitamb, NPM_MODULE_PATH=C:\Users\tchitamb\AppData\Roaming\npm}}]
19:04:17.583 [Test worker] DEBUG org.springframework.core.io.support.PathMatchingResourcePatternResolver - Resolved classpath location [com/ford/purchasing/ndpc/] to resources [URL [file:/C:/Projects/GitHub/ndpc/ndpcMiddleLayer/ndpc/build/classes/java/test/com/ford/purchasing/ndpc/], URL [file:/C:/Projects/GitHub/ndpc/ndpcMiddleLayer/ndpc/build/classes/java/main/com/ford/purchasing/ndpc/]]
19:04:17.584 [Test worker] DEBUG org.springframework.core.io.support.PathMatchingResourcePatternResolver - Looking for matching resources in directory tree [C:\Projects\GitHub\ndpc\ndpcMiddleLayer\ndpc\build\classes\java\test\com\ford\purchasing\ndpc]
19:04:17.585 [Test worker] DEBUG org.springframework.core.io.support.PathMatchingResourcePatternResolver - Searching directory [C:\Projects\GitHub\ndpc\ndpcMiddleLayer\ndpc\build\classes\java\test\com\ford\purchasing\ndpc] for files matching pattern [C:/Projects/GitHub/ndpc/ndpcMiddleLayer/ndpc/build/classes/java/test/com/ford/purchasing/ndpc/*.class]
19:04:17.591 [Test worker] DEBUG org.springframework.core.io.support.PathMatchingResourcePatternResolver - Looking for matching resources in directory tree [C:\Projects\GitHub\ndpc\ndpcMiddleLayer\ndpc\build\classes\java\main\com\ford\purchasing\ndpc]
19:04:17.591 [Test worker] DEBUG org.springframework.core.io.support.PathMatchingResourcePatternResolver - Searching directory [C:\Projects\GitHub\ndpc\ndpcMiddleLayer\ndpc\build\classes\java\main\com\ford\purchasing\ndpc] for files matching pattern [C:/Projects/GitHub/ndpc/ndpcMiddleLayer/ndpc/build/classes/java/main/com/ford/purchasing/ndpc/*.class]
19:04:17.592 [Test worker] DEBUG org.springframework.core.io.support.PathMatchingResourcePatternResolver - Resolved location pattern [classpath*:com/ford/purchasing/ndpc/*.class] to resources [file [C:\Projects\GitHub\ndpc\ndpcMiddleLayer\ndpc\build\classes\java\test\com\ford\purchasing\ndpc\NdpcApplicationTests.class], file [C:\Projects\GitHub\ndpc\ndpcMiddleLayer\ndpc\build\classes\java\main\com\ford\purchasing\ndpc\NdpcApplication.class]]
19:04:17.834 [Test worker] DEBUG org.springframework.context.annotation.ClassPathScanningCandidateComponentProvider - Identified candidate component class: file [C:\Projects\GitHub\ndpc\ndpcMiddleLayer\ndpc\build\classes\java\main\com\ford\purchasing\ndpc\NdpcApplication.class]
19:04:17.836 [Test worker] INFO org.springframework.boot.test.context.SpringBootTestContextBootstrapper - Found @SpringBootConfiguration com.ford.purchasing.ndpc.NdpcApplication for test class com.ford.purchasing.ndpc.NdpcApplicationTests
19:04:18.356 [Test worker] DEBUG org.springframework.boot.test.context.SpringBootTestContextBootstrapper - @TestExecutionListeners is not present for class [com.ford.purchasing.ndpc.NdpcApplicationTests]: using defaults.
19:04:18.357 [Test worker] INFO org.springframework.boot.test.context.SpringBootTestContextBootstrapper - Loaded default TestExecutionListener class names from location [META-INF/spring.factories]: [org.springframework.security.test.context.support.WithSecurityContextTestExecutionListener, org.springframework.security.test.context.support.ReactorContextTestExecutionListener, org.springframework.boot.test.autoconfigure.restdocs.RestDocsTestExecutionListener, org.springframework.boot.test.autoconfigure.web.client.MockRestServiceServerResetTestExecutionListener, org.springframework.boot.test.autoconfigure.web.servlet.MockMvcPrintOnlyOnFailureTestExecutionListener, org.springframework.boot.test.autoconfigure.web.servlet.WebDriverTestExecutionListener, org.springframework.boot.test.mock.mockito.MockitoTestExecutionListener, org.springframework.boot.test.mock.mockito.ResetMocksTestExecutionListener, org.springframework.test.context.web.ServletTestExecutionListener, org.springframework.test.context.support.DirtiesContextBeforeModesTestExecutionListener, org.springframework.test.context.support.DependencyInjectionTestExecutionListener, org.springframework.test.context.support.DirtiesContextTestExecutionListener, org.springframework.test.context.transaction.TransactionalTestExecutionListener, org.springframework.test.context.jdbc.SqlScriptsTestExecutionListener]
19:04:18.447 [Test worker] INFO org.springframework.boot.test.context.SpringBootTestContextBootstrapper - Using TestExecutionListeners: [org.springframework.test.context.web.ServletTestExecutionListener@3dde9b1f, org.springframework.test.context.support.DirtiesContextBeforeModesTestExecutionListener@5b367bb2, org.springframework.boot.test.mock.mockito.MockitoTestExecutionListener@766e52bd, org.springframework.boot.test.autoconfigure.SpringBootDependencyInjectionTestExecutionListener@25d89da5, org.springframework.test.context.support.DirtiesContextTestExecutionListener@6c97ec62, org.springframework.test.context.transaction.TransactionalTestExecutionListener@494f1a9, org.springframework.test.context.jdbc.SqlScriptsTestExecutionListener@ebb03c, org.springframework.security.test.context.support.WithSecurityContextTestExecutionListener@61bf2031, org.springframework.security.test.context.support.ReactorContextTestExecutionListener@32183498, org.springframework.boot.test.autoconfigure.restdocs.RestDocsTestExecutionListener@11a282cb, org.springframework.boot.test.autoconfigure.web.client.MockRestServiceServerResetTestExecutionListener@4c15ba93, org.springframework.boot.test.autoconfigure.web.servlet.MockMvcPrintOnlyOnFailureTestExecutionListener@54b3b588, org.springframework.boot.test.autoconfigure.web.servlet.WebDriverTestExecutionListener@277ce772, org.springframework.boot.test.mock.mockito.ResetMocksTestExecutionListener@22cd9d8c]
19:04:18.451 [Test worker] DEBUG org.springframework.test.annotation.ProfileValueUtils - Retrieved @ProfileValueSourceConfiguration [null] for test class [com.ford.purchasing.ndpc.NdpcApplicationTests]
19:04:18.452 [Test worker] DEBUG org.springframework.test.annotation.ProfileValueUtils - Retrieved ProfileValueSource type [class org.springframework.test.annotation.SystemProfileValueSource] for class [com.ford.purchasing.ndpc.NdpcApplicationTests]
19:04:18.453 [Test worker] DEBUG org.springframework.test.annotation.ProfileValueUtils - Retrieved @ProfileValueSourceConfiguration [null] for test class [com.ford.purchasing.ndpc.NdpcApplicationTests]
19:04:18.453 [Test worker] DEBUG org.springframework.test.annotation.ProfileValueUtils - Retrieved ProfileValueSource type [class org.springframework.test.annotation.SystemProfileValueSource] for class [com.ford.purchasing.ndpc.NdpcApplicationTests]
19:04:18.461 [Test worker] DEBUG org.springframework.test.context.support.AbstractDirtiesContextTestExecutionListener - Before test class: context [DefaultTestContext@2aa2685b testClass = NdpcApplicationTests, testInstance = [null], testMethod = [null], testException = [null], mergedContextConfiguration = [WebMergedContextConfiguration@7193f15 testClass = NdpcApplicationTests, locations = '{}', classes = '{class com.ford.purchasing.ndpc.NdpcApplication}', contextInitializerClasses = '[]', activeProfiles = '{}', propertySourceLocations = '{}', propertySourceProperties = '{org.springframework.boot.test.context.SpringBootTestContextBootstrapper=true}', contextCustomizers = set[org.springframework.boot.test.autoconfigure.properties.PropertyMappingContextCustomizer@0, org.springframework.boot.test.autoconfigure.web.servlet.WebDriverContextCustomizerFactory$Customizer@402b7c1c, org.springframework.boot.test.context.filter.ExcludeFilterContextCustomizer@5fa14533, org.springframework.boot.test.json.DuplicateJsonObjectContextCustomizerFactory$DuplicateJsonObjectContextCustomizer@28300e8f, org.springframework.boot.test.mock.mockito.MockitoContextCustomizer@0, org.springframework.boot.test.web.client.TestRestTemplateContextCustomizer@2fac6918], resourceBasePath = 'src/main/webapp', contextLoader = 'org.springframework.boot.test.context.SpringBootContextLoader', parent = [null]], attributes = map['org.springframework.test.context.web.ServletTestExecutionListener.activateListener' -> true]], class annotated with @DirtiesContext [false] with mode [null].
19:04:18.462 [Test worker] DEBUG org.springframework.test.annotation.ProfileValueUtils - Retrieved @ProfileValueSourceConfiguration [null] for test class [com.ford.purchasing.ndpc.NdpcApplicationTests]
19:04:18.462 [Test worker] DEBUG org.springframework.test.annotation.ProfileValueUtils - Retrieved ProfileValueSource type [class org.springframework.test.annotation.SystemProfileValueSource] for class [com.ford.purchasing.ndpc.NdpcApplicationTests]
19:04:18.570 [Test worker] DEBUG org.springframework.core.env.StandardEnvironment - Adding PropertySource 'systemProperties' with lowest search precedence
19:04:18.570 [Test worker] DEBUG org.springframework.core.env.StandardEnvironment - Adding PropertySource 'systemEnvironment' with lowest search precedence
19:04:18.571 [Test worker] DEBUG org.springframework.core.env.StandardEnvironment - Initialized StandardEnvironment with PropertySources [MapPropertySource@118772567 {name='systemProperties', properties={java.runtime.name=Java(TM) SE Runtime Environment, sun.boot.library.path=C:\ford\jdk\oracle\jdk1.8.0_121\jre\bin, java.vm.version=25.121-b13, java.vm.vendor=Oracle Corporation, java.vendor.url=http://java.oracle.com/, path.separator=;, java.vm.name=Java HotSpot(TM) 64-Bit Server VM, file.encoding.pkg=sun.io, user.script=, sun.java.launcher=SUN_STANDARD, user.country=US, sun.os.patch.level=, java.vm.specification.name=Java Virtual Machine Specification, user.dir=C:\Projects\GitHub\ndpc\ndpcMiddleLayer\ndpc, java.runtime.version=1.8.0_121-b13, java.awt.graphicsenv=sun.awt.Win32GraphicsEnvironment, java.endorsed.dirs=C:\ford\jdk\oracle\jdk1.8.0_121\jre\lib\endorsed, os.arch=amd64, java.io.tmpdir=C:\Users\tchitamb\AppData\Local\Temp\, line.separator=
, java.vm.specification.vendor=Oracle Corporation, user.variant=, os.name=Windows 10, sun.jnu.encoding=Cp1252, java.library.path=C:\ford\jdk\oracle\jdk1.8.0_121\bin;C:\WINDOWS\Sun\Java\bin;C:\WINDOWS\system32;C:\WINDOWS;C:\ProgramData\Oracle\Java\javapath;C:\Program Files (x86)\MKS Toolkit\mksnt;C:\PROGRA~2\MKSTOO~1\bin64;C:\PROGRA~2\MKSTOO~1\bin;C:\PROGRA~2\MKSTOO~1\bin\X11;C:\PROGRA~2\MKSTOO~1\mksnt;C:\PROGRA~1\IBM\InformationServer\ASBNode\apps\jre\bin\classic;C:\PROGRA~1\IBM\InformationServer\ASBNode\lib\cpp;C:\PROGRA~1\IBM\InformationServer\ASBNode\apps\proxy\cpp\vc60\MT_dll\bin;C:\Program Files\Teradata\client\15.00\Teradata Parallel Transporter\bin64;C:\Program Files\Teradata\client\15.00\Teradata Parallel Transporter\msg64;C:\Program Files (x86)\Teradata\client\15.00\Teradata Parallel Transporter\bin;C:\Program Files (x86)\Teradata\client\15.00\Teradata Parallel Transporter\msg;C:\Program Files\Teradata\Client\15.00\bin;C:\Program Files (x86)\Teradata\Client\15.00\bin;C:\Program Files\Teradata\Client\15.00\ODBC Driver for Teradata nt-x8664\Lib;C:\Program Files (x86)\Teradata\Client\15.00\ODBC Driver for Teradata\Lib;C:\Program Files\Teradata\Client\15.00\bin\;C:\Program Files (x86)\Teradata\Client\15.00\bin\;C:\legacy\product\11.2.0\client_1\bin;C:\WINDOWS\system32;C:\WINDOWS;C:\WINDOWS\System32\Wbem;C:\WINDOWS\System32\WindowsPowerShell\v1.0\;C:\Program Files\7-Zip;C:\Program Files\Adobe\Adobe PDF iFilter 11 for 64-bit platforms\bin\;C:\Program Files (x86)\AccuRev\bin;C:\Program Files (x86)\Microsoft SQL Server\100\Tools\Binn\VSShell\Common7\IDE\;C:\Program Files (x86)\Microsoft SQL Server\100\Tools\Binn\;C:\Program Files\Microsoft SQL Server\100\Tools\Binn\;C:\Program Files (x86)\Microsoft Visual Studio 9.0\Common7\IDE\PrivateAssemblies\;C:\Program Files (x86)\Microsoft SQL Server\100\DTS\Binn\;C:\Program Files\Microsoft SQL Server\100\DTS\Binn\;C:\Program Files\nodejs;C:\Program Files (x86)\PuTTY;C:\Users\tchitamb\AppData\Roaming\npm;%JAVA_HOME%\bin;%GRADLE_HOME%\bin;C:\Program Files\nodejs\;C:\Program Files (x86)\WebEx\Productivity Tools;C:\Program Files\Git\cmd;C:\Program Files\Cloud Foundry;C:\Program Files\PuTTY;C:\maven\apache-maven-3.5.3\bin;C:\ford\gradle\2.14.1\bin;C:\Program Files\nodejs;C:\Users\tchitamb\AppData\Roaming\npm;C:\Program Files\Java\jdk1.8.0_151\bin;., java.specification.name=Java Platform API Specification, java.class.version=52.0, org.gradle.native=false, sun.management.compiler=HotSpot 64-Bit Tiered Compilers, os.version=10.0, user.home=C:\Users\tchitamb, user.timezone=Asia/Calcutta, java.awt.printerjob=sun.awt.windows.WPrinterJob, file.encoding=windows-1252, java.specification.version=1.8, java.class.path=C:\Projects\GitHub\ndpc\ndpcMiddleLayer\ndpc\build\classes\java\test;C:\Projects\GitHub\ndpc\ndpcMiddleLayer\ndpc\build\resources\test;C:\Projects\GitHub\ndpc\ndpcMiddleLayer\ndpc\build\classes\java\main;C:\Projects\GitHub\ndpc\ndpcMiddleLayer\ndpc\build\resources\main;C:\Users\tchitamb\.gradle\caches\modules-2\files-2.1\org.springframework.boot\spring-boot-starter-data-jpa\2.0.2.RELEASE\a277d15c247684aaef38852a2e71b8b1ef7357e6\spring-boot-starter-data-jpa-2.0.2.RELEASE.jar;C:\Users\tchitamb\.gradle\caches\modules-2\files-2.1\org.springframework.boot\spring-boot-starter-security\2.0.2.RELEASE\ef280d41ff37acd66d5b411b1de845cc33067102\spring-boot-starter-security-2.0.2.RELEASE.jar;C:\Users\tchitamb\.gradle\caches\modules-2\files-2.1\org.springframework.boot\spring-boot-starter-web\2.0.2.RELEASE\b6ef0cf4d0a7c6c7e93ff524b84cd1d8f87f67d9\spring-boot-starter-web-2.0.2.RELEASE.jar;C:\Users\tchitamb\.gradle\caches\modules-2\files-2.1\org.springframework.boot\spring-boot-devtools\2.0.2.RELEASE\ed2b1c877b0c00ef7f961bd118e420a49de3c970\spring-boot-devtools-2.0.2.RELEASE.jar;C:\Users\tchitamb\.gradle\caches\modules-2\files-2.1\org.springframework.boot\spring-boot-starter-test\2.0.2.RELEASE\d9e090412f318586e0f277e24740b79b58ef190b\spring-boot-starter-test-2.0.2.RELEASE.jar;C:\Users\tchitamb\.gradle\caches\modules-2\files-2.1\org.springframework.security\spring-security-test\5.0.5.RELEASE\d620e383128de4426db18016a667891eed89091\spring-security-test-5.0.5.RELEASE.jar;C:\Users\tchitamb\.gradle\caches\modules-2\files-2.1\org.springframework.boot\spring-boot-starter-aop\2.0.2.RELEASE\b0b0c7dcfdffaef1b04886c0279772905bc7e9d2\spring-boot-starter-aop-2.0.2.RELEASE.jar;C:\Users\tchitamb\.gradle\caches\modules-2\files-2.1\org.springframework.boot\spring-boot-starter-jdbc\2.0.2.RELEASE\f93c2459a06061f889b837d1c2503055df024778\spring-boot-starter-jdbc-2.0.2.RELEASE.jar;C:\Users\tchitamb\.gradle\caches\modules-2\files-2.1\org.springframework.boot\spring-boot-starter-json\2.0.2.RELEASE\5edda979838ced5314b8f58a958fe9d6b4b3badd\spring-boot-starter-json-2.0.2.RELEASE.jar;C:\Users\tchitamb\.gradle\caches\modules-2\files-2.1\org.springframework.boot\spring-boot-starter\2.0.2.RELEASE\1cda94f0dfcf2b065191782a54b84d2abf96391\spring-boot-starter-2.0.2.RELEASE.jar;C:\Users\tchitamb\.gradle\caches\modules-2\files-2.1\org.hibernate\hibernate-core\5.2.17.Final\f2dc36470e7a2ffcf6106bb1625ecf5b54bb5f65\hibernate-core-5.2.17.Final.jar;C:\Users\tchitamb\.gradle\caches\modules-2\files-2.1\javax.transaction\javax.transaction-api\1.2\d81aff979d603edd90dcd8db2abc1f4ce6479e3e\javax.transaction-api-1.2.jar;C:\Users\tchitamb\.gradle\caches\modules-2\files-2.1\org.springframework.data\spring-data-jpa\2.0.7.RELEASE\9f201f3d3435a9e5422e0edcff3475c46215ffb\spring-data-jpa-2.0.7.RELEASE.jar;C:\Users\tchitamb\.gradle\caches\modules-2\files-2.1\org.springframework\spring-aspects\5.0.6.RELEASE\45a7631a64eb82625067587b9796d4418d9e0568\spring-aspects-5.0.6.RELEASE.jar;C:\Users\tchitamb\.gradle\caches\modules-2\files-2.1\org.springframework.security\spring-security-config\5.0.5.RELEASE\5d360adc638fc5f55e7364f2544a962ae26e0cfd\spring-security-config-5.0.5.RELEASE.jar;C:\Users\tchitamb\.gradle\caches\modules-2\files-2.1\org.springframework.security\spring-security-web\5.0.5.RELEASE\14b987fee57348c373c5228e23ceb244d872e298\spring-security-web-5.0.5.RELEASE.jar;C:\Users\tchitamb\.gradle\caches\modules-2\files-2.1\org.springframework\spring-webmvc\5.0.6.RELEASE\1361c5d1cf46665ee01de5dc1ca447c3be174c19\spring-webmvc-5.0.6.RELEASE.jar;C:\Users\tchitamb\.gradle\caches\modules-2\files-2.1\org.springframework.security\spring-security-core\5.0.5.RELEASE\d8fb6f4bcb03a1b124b4a0a50b574978496ae0ba\spring-security-core-5.0.5.RELEASE.jar;C:\Users\tchitamb\.gradle\caches\modules-2\files-2.1\org.springframework.boot\spring-boot-test-autoconfigure\2.0.2.RELEASE\4993bdd96a4c02bc5b5703862d99ef4c563f25d0\spring-boot-test-autoconfigure-2.0.2.RELEASE.jar;C:\Users\tchitamb\.gradle\caches\modules-2\files-2.1\org.springframework.boot\spring-boot-autoconfigure\2.0.2.RELEASE\f4b25e753e4955337a138d8b1550236b5efe5b3b\spring-boot-autoconfigure-2.0.2.RELEASE.jar;C:\Users\tchitamb\.gradle\caches\modules-2\files-2.1\org.springframework.boot\spring-boot-test\2.0.2.RELEASE\fc85812e6543312a3b0ea9fbbdfd4a51183380a3\spring-boot-test-2.0.2.RELEASE.jar;C:\Users\tchitamb\.gradle\caches\modules-2\files-2.1\org.springframework.boot\spring-boot\2.0.2.RELEASE\15012cf02e9f77938244e554f0598535fdd1cb38\spring-boot-2.0.2.RELEASE.jar;C:\Users\tchitamb\.gradle\caches\modules-2\files-2.1\org.springframework\spring-context\5.0.6.RELEASE\8b73b742ef0ddce04f0f1068f305de240b00ce0d\spring-context-5.0.6.RELEASE.jar;C:\Users\tchitamb\.gradle\caches\modules-2\files-2.1\org.springframework\spring-aop\5.0.6.RELEASE\74078df698992054c1c1a8f705763a6c7b4b914c\spring-aop-5.0.6.RELEASE.jar;C:\Users\tchitamb\.gradle\caches\modules-2\files-2.1\org.springframework.boot\spring-boot-starter-tomcat\2.0.2.RELEASE\cedbfb18762e1c220007c768bfc5b773f5b30f8a\spring-boot-starter-tomcat-2.0.2.RELEASE.jar;C:\Users\tchitamb\.gradle\caches\modules-2\files-2.1\org.hibernate.validator\hibernate-validator\6.0.9.Final\b149e4cce82379f11f6129eb3187ca8ae5404005\hibernate-validator-6.0.9.Final.jar;C:\Users\tchitamb\.gradle\caches\modules-2\files-2.1\org.springframework\spring-web\5.0.6.RELEASE\89e89de3025165998118590613aedc6df8d64af6\spring-web-5.0.6.RELEASE.jar;C:\Users\tchitamb\.gradle\caches\modules-2\files-2.1\com.jayway.jsonpath\json-path\2.4.0\765a4401ceb2dc8d40553c2075eb80a8fa35c2ae\json-path-2.4.0.jar;C:\Users\tchitamb\.gradle\caches\modules-2\files-2.1\junit\junit\4.12\2973d150c0dc1fefe998f834810d68f278ea58ec\junit-4.12.jar;C:\Users\tchitamb\.gradle\caches\modules-2\files-2.1\org.assertj\assertj-core\3.9.1\c5ce126b15f28d56cd8f960c1a6a058b9c9aea87\assertj-core-3.9.1.jar;C:\Users\tchitamb\.gradle\caches\modules-2\files-2.1\org.mockito\mockito-core\2.15.0\b84bfbbc29cd22c9529409627af6ea2897f4fa85\mockito-core-2.15.0.jar;C:\Users\tchitamb\.gradle\caches\modules-2\files-2.1\org.hamcrest\hamcrest-library\1.3\4785a3c21320980282f9f33d0d1264a69040538f\hamcrest-library-1.3.jar;C:\Users\tchitamb\.gradle\caches\modules-2\files-2.1\org.hamcrest\hamcrest-core\1.3\42a25dc3219429f0e5d060061f71acb49bf010a0\hamcrest-core-1.3.jar;C:\Users\tchitamb\.gradle\caches\modules-2\files-2.1\org.skyscreamer\jsonassert\1.5.0\6c9d5fe2f59da598d9aefc1cfc6528ff3cf32df3\jsonassert-1.5.0.jar;C:\Users\tchitamb\.gradle\caches\modules-2\files-2.1\org.springframework\spring-test\5.0.6.RELEASE\dbc99b288774b2e07d94bc14fe38d556bc3ed34a\spring-test-5.0.6.RELEASE.jar;C:\Users\tchitamb\.gradle\caches\modules-2\files-2.1\org.springframework\spring-orm\5.0.6.RELEASE\7a08073597b79dfcd4db1cffa924f2b991a14a20\spring-orm-5.0.6.RELEASE.jar;C:\Users\tchitamb\.gradle\caches\modules-2\files-2.1\org.springframework\spring-jdbc\5.0.6.RELEASE\7d4de1ee9b042774e09ceb88393e5a564e342729\spring-jdbc-5.0.6.RELEASE.jar;C:\Users\tchitamb\.gradle\caches\modules-2\files-2.1\org.springframework.data\spring-data-commons\2.0.7.RELEASE\7faa0fb2ffa50a5c50ad9f10118095ae24d5c6e1\spring-data-commons-2.0.7.RELEASE.jar;C:\Users\tchitamb\.gradle\caches\modules-2\files-2.1\org.springframework\spring-tx\5.0.6.RELEASE\1b6ffc44f2d59507a0fce1084fcc21788b13904\spring-tx-5.0.6.RELEASE.jar;C:\Users\tchitamb\.gradle\caches\modules-2\files-2.1\org.springframework\spring-beans\5.0.6.RELEASE\d609b83cd8a71650a70778cf8d02c9a05b9161fe\spring-beans-5.0.6.RELEASE.jar;C:\Users\tchitamb\.gradle\caches\modules-2\files-2.1\org.springframework\spring-expression\5.0.6.RELEASE\dec57ae5e6f0dfd4c6cfc199aa13ed268c3e1a65\spring-expression-5.0.6.RELEASE.jar;C:\Users\tchitamb\.gradle\caches\modules-2\files-2.1\org.springframework\spring-core\5.0.6.RELEASE\984a52455b1be596b7f1a29f62d21d2f483eb764\spring-core-5.0.6.RELEASE.jar;C:\Users\tchitamb\.gradle\caches\modules-2\files-2.1\org.xmlunit\xmlunit-core\2.5.1\4ffdb346572a7356f7521cd3119ce5287d2e339d\xmlunit-core-2.5.1.jar;C:\Users\tchitamb\.gradle\caches\modules-2\files-2.1\org.springframework.boot\spring-boot-starter-logging\2.0.2.RELEASE\b56d7d1931792d6e58dbd41f956912359ba85238\spring-boot-starter-logging-2.0.2.RELEASE.jar;C:\Users\tchitamb\.gradle\caches\modules-2\files-2.1\javax.annotation\javax.annotation-api\1.3.2\934c04d3cfef185a8008e7bf34331b79730a9d43\javax.annotation-api-1.3.2.jar;C:\Users\tchitamb\.gradle\caches\modules-2\files-2.1\org.yaml\snakeyaml\1.19\2d998d3d674b172a588e54ab619854d073f555b5\snakeyaml-1.19.jar;C:\Users\tchitamb\.gradle\caches\modules-2\files-2.1\org.aspectj\aspectjweaver\1.8.13\ad94df2a28d658a40dc27bbaff6a1ce5fbf04e9b\aspectjweaver-1.8.13.jar;C:\Users\tchitamb\.gradle\caches\modules-2\files-2.1\com.zaxxer\HikariCP\2.7.9\a83113d2c091d0d0f853dad3217bd7df3beb6ae3\HikariCP-2.7.9.jar;C:\Users\tchitamb\.gradle\caches\modules-2\files-2.1\org.hibernate.common\hibernate-commons-annotations\5.0.1.Final\71e1cff3fcb20d3b3af4f3363c3ddb24d33c6879\hibernate-commons-annotations-5.0.1.Final.jar;C:\Users\tchitamb\.gradle\caches\modules-2\files-2.1\org.jboss.logging\jboss-logging\3.3.2.Final\3789d00e859632e6c6206adc0c71625559e6e3b0\jboss-logging-3.3.2.Final.jar;C:\Users\tchitamb\.gradle\caches\modules-2\files-2.1\org.hibernate.javax.persistence\hibernate-jpa-2.1-api\1.0.0.Final\5e731d961297e5a07290bfaf3db1fbc8bbbf405a\hibernate-jpa-2.1-api-1.0.0.Final.jar;C:\Users\tchitamb\.gradle\caches\modules-2\files-2.1\org.javassist\javassist\3.22.0-GA\3e83394258ae2089be7219b971ec21a8288528ad\javassist-3.22.0-GA.jar;C:\Users\tchitamb\.gradle\caches\modules-2\files-2.1\antlr\antlr\2.7.7\83cd2cd674a217ade95a4bb83a8a14f351f48bd0\antlr-2.7.7.jar;C:\Users\tchitamb\.gradle\caches\modules-2\files-2.1\org.jboss\jandex\2.0.3.Final\bfc4d6257dbff7a33a357f0de116be6ff951d849\jandex-2.0.3.Final.jar;C:\Users\tchitamb\.gradle\caches\modules-2\files-2.1\com.fasterxml\classmate\1.3.4\3d5f48f10bbe4eb7bd862f10c0583be2e0053c6\classmate-1.3.4.jar;C:\Users\tchitamb\.gradle\caches\modules-2\files-2.1\dom4j\dom4j\1.6.1\5d3ccc056b6f056dbf0dddfdf43894b9065a8f94\dom4j-1.6.1.jar;C:\Users\tchitamb\.gradle\caches\modules-2\files-2.1\ch.qos.logback\logback-classic\1.2.3\7c4f3c474fb2c041d8028740440937705ebb473a\logback-classic-1.2.3.jar;C:\Users\tchitamb\.gradle\caches\modules-2\files-2.1\org.apache.logging.log4j\log4j-to-slf4j\2.10.0\f7e631ccf49cfc0aefa4a2a728da7d374c05bd3c\log4j-to-slf4j-2.10.0.jar;C:\Users\tchitamb\.gradle\caches\modules-2\files-2.1\org.slf4j\jul-to-slf4j\1.7.25\af5364cd6679bfffb114f0dec8a157aaa283b76\jul-to-slf4j-1.7.25.jar;C:\Users\tchitamb\.gradle\caches\modules-2\files-2.1\org.slf4j\slf4j-api\1.7.25\da76ca59f6a57ee3102f8f9bd9cee742973efa8a\slf4j-api-1.7.25.jar;C:\Users\tchitamb\.gradle\caches\modules-2\files-2.1\com.fasterxml.jackson.datatype\jackson-datatype-jdk8\2.9.5\23e37f085279ba316c0df923513b81609e1d1f6\jackson-datatype-jdk8-2.9.5.jar;C:\Users\tchitamb\.gradle\caches\modules-2\files-2.1\com.fasterxml.jackson.datatype\jackson-datatype-jsr310\2.9.5\d1f0d11e816bc04e222a261106ca138801841c2d\jackson-datatype-jsr310-2.9.5.jar;C:\Users\tchitamb\.gradle\caches\modules-2\files-2.1\com.fasterxml.jackson.module\jackson-module-parameter-names\2.9.5\f824c60751ffb7bfc3a0d30dfe0e42317d8e67f5\jackson-module-parameter-names-2.9.5.jar;C:\Users\tchitamb\.gradle\caches\modules-2\files-2.1\com.fasterxml.jackson.core\jackson-databind\2.9.5\3490508379d065fe3fcb80042b62f630f7588606\jackson-databind-2.9.5.jar;C:\Users\tchitamb\.gradle\caches\modules-2\files-2.1\org.apache.tomcat.embed\tomcat-embed-websocket\8.5.31\6564e716b89de5eaa0dd234ae7989576503ddf3\tomcat-embed-websocket-8.5.31.jar;C:\Users\tchitamb\.gradle\caches\modules-2\files-2.1\org.apache.tomcat.embed\tomcat-embed-core\8.5.31\f5adf7ed8c34aa005b22b6a2dc7b6796e10e9c79\tomcat-embed-core-8.5.31.jar;C:\Users\tchitamb\.gradle\caches\modules-2\files-2.1\org.apache.tomcat.embed\tomcat-embed-el\8.5.31\3a536e1ac71b82627c3a7408eb38fa0704cb9034\tomcat-embed-el-8.5.31.jar;C:\Users\tchitamb\.gradle\caches\modules-2\files-2.1\javax.validation\validation-api\2.0.1.Final\cb855558e6271b1b32e716d24cb85c7f583ce09e\validation-api-2.0.1.Final.jar;C:\Users\tchitamb\.gradle\caches\modules-2\files-2.1\net.minidev\json-smart\2.3\7396407491352ce4fa30de92efb158adb76b5b\json-smart-2.3.jar;C:\Users\tchitamb\.gradle\caches\modules-2\files-2.1\net.bytebuddy\byte-buddy\1.7.11\f02857a4e2c66ccbe7aaad6100a0a6c461bce9b3\byte-buddy-1.7.11.jar;C:\Users\tchitamb\.gradle\caches\modules-2\files-2.1\net.bytebuddy\byte-buddy-agent\1.7.11\b425a8933ca07edd03c6dbc8bc3b595fba9780de\byte-buddy-agent-1.7.11.jar;C:\Users\tchitamb\.gradle\caches\modules-2\files-2.1\org.objenesis\objenesis\2.6\639033469776fd37c08358c6b92a4761feb2af4b\objenesis-2.6.jar;C:\Users\tchitamb\.gradle\caches\modules-2\files-2.1\com.vaadin.external.google\android-json\0.0.20131108.vaadin1\fa26d351fe62a6a17f5cda1287c1c6110dec413f\android-json-0.0.20131108.vaadin1.jar;C:\Users\tchitamb\.gradle\caches\modules-2\files-2.1\org.springframework\spring-jcl\5.0.6.RELEASE\295ee4e8657e9c1fd327735c01d5fbce339cc44d\spring-jcl-5.0.6.RELEASE.jar;C:\Users\tchitamb\.gradle\caches\modules-2\files-2.1\com.fasterxml.jackson.core\jackson-annotations\2.9.0\7c10d545325e3a6e72e06381afe469fd40eb701\jackson-annotations-2.9.0.jar;C:\Users\tchitamb\.gradle\caches\modules-2\files-2.1\com.fasterxml.jackson.core\jackson-core\2.9.5\a22ac51016944b06fd9ffbc9541c6e7ce5eea117\jackson-core-2.9.5.jar;C:\Users\tchitamb\.gradle\caches\modules-2\files-2.1\net.minidev\accessors-smart\1.2\c592b500269bfde36096641b01238a8350f8aa31\accessors-smart-1.2.jar;C:\Users\tchitamb\.gradle\caches\modules-2\files-2.1\ch.qos.logback\logback-core\1.2.3\864344400c3d4d92dfeb0a305dc87d953677c03c\logback-core-1.2.3.jar;C:\Users\tchitamb\.gradle\caches\modules-2\files-2.1\org.apache.logging.log4j\log4j-api\2.10.0\fec5797a55b786184a537abd39c3fa1449d752d6\log4j-api-2.10.0.jar;C:\Users\tchitamb\.gradle\caches\modules-2\files-2.1\org.ow2.asm\asm\5.0.4\da08b8cce7bbf903602a25a3a163ae252435795\asm-5.0.4.jar, user.name=tchitamb, java.vm.specification.version=1.8, sun.java.command=worker.org.gradle.process.internal.worker.GradleWorkerMain 'Gradle Test Executor 1', java.home=C:\ford\jdk\oracle\jdk1.8.0_121\jre, sun.arch.data.model=64, user.language=en, java.specification.vendor=Oracle Corporation, awt.toolkit=sun.awt.windows.WToolkit, java.vm.info=mixed mode, java.version=1.8.0_121, java.ext.dirs=C:\ford\jdk\oracle\jdk1.8.0_121\jre\lib\ext;C:\WINDOWS\Sun\Java\lib\ext, sun.boot.class.path=C:\ford\jdk\oracle\jdk1.8.0_121\jre\lib\resources.jar;C:\ford\jdk\oracle\jdk1.8.0_121\jre\lib\rt.jar;C:\ford\jdk\oracle\jdk1.8.0_121\jre\lib\sunrsasign.jar;C:\ford\jdk\oracle\jdk1.8.0_121\jre\lib\jsse.jar;C:\ford\jdk\oracle\jdk1.8.0_121\jre\lib\jce.jar;C:\ford\jdk\oracle\jdk1.8.0_121\jre\lib\charsets.jar;C:\ford\jdk\oracle\jdk1.8.0_121\jre\lib\jfr.jar;C:\ford\jdk\oracle\jdk1.8.0_121\jre\classes, java.vendor=Oracle Corporation, org.gradle.test.worker=1, file.separator=\, java.vendor.url.bug=http://bugreport.sun.com/bugreport/, sun.io.unicode.encoding=UnicodeLittle, sun.cpu.endian=little, sun.desktop=windows, sun.cpu.isalist=amd64}}, SystemEnvironmentPropertySource@2119349980 {name='systemEnvironment', properties={USERDOMAIN_ROAMINGPROFILE=FORDAP1, PROCESSOR_LEVEL=6, FP_NO_HOST_CHECK=NO, SESSIONNAME=Console, ALLUSERSPROFILE=C:\ProgramData, PROCESSOR_ARCHITECTURE=AMD64, PSModulePath=C:\WINDOWS\system32\WindowsPowerShell\v1.0\Modules\, SystemDrive=C:, =E:=E:\, DataConnectorLibPath=C:\Program Files\Teradata\Client\15.00\bin\;C:\Program Files (x86)\Teradata\Client\15.00\bin\, USERNAME=tchitamb, USERDNSDOMAIN=AP1.FORD.COM, ProgramFiles(x86)=C:\Program Files (x86), MAN_TXT_INDEX=C:/PROGRA~2/MKSTOO~1/etc/tkutil.idx;C:/PROGRA~2/MKSTOO~1/etc/tkapi.idx;C:/PROGRA~2/MKSTOO~1/etc/tcltk.idx;C:/PROGRA~2/MKSTOO~1/etc/tkcurses.idx, PATHEXT=.COM;.EXE;.BAT;.CMD;.VBS;.VBE;.JS;.JSE;.WSF;.WSH;.MSC;.sh;.ksh;.csh;.sed;.awk;.pl, SHELL=C:/PROGRA~2/MKSTOO~1/mksnt/sh.exe, WAS80_HOME=C:\IBM\WAS80, TERMINFO=C:\PROGRA~2\MKSTOO~1\usr\lib\terminfo, TMPDIR=C:/Users/tchitamb/AppData/Local/Temp, ProgramData=C:\ProgramData, ProgramW6432=C:\Program Files, HOMEPATH=\Users\tchitamb, PROCESSOR_IDENTIFIER=Intel64 Family 6 Model 60 Stepping 3, GenuineIntel, TERMCAP=C:\PROGRA~2\MKSTOO~1\etc\termcap, ProgramFiles=C:\Program Files, PUBLIC=C:\Users\Public, windir=C:\WINDOWS, MAN_CHM_INDEX=C:/PROGRA~2/MKSTOO~1/etc/chm/tkutil.idx;C:/PROGRA~2/MKSTOO~1/etc/chm/tkapi.idx;C:/PROGRA~2/MKSTOO~1/etc/chm/tcltk.idx;C:/PROGRA~2/MKSTOO~1/etc/chm/tkcurses.idx, LOCALAPPDATA=C:\Users\tchitamb\AppData\Local, ROOTDIR=C:/PROGRA~2/MKSTOO~1, USERDOMAIN=FORDAP1, LOGONSERVER=\\ICMAP103, JAVA_HOME=C:\Program Files\Java\jdk1.8.0_151, TERM=nutc, GRADLE_HOME=C:\ford\gradle\4.1, COPLIB=C:\Program Files\Teradata\Client\15.00\bin\;C:\Program Files (x86)\Teradata\Client\15.00\bin\, DISPLAY=:0.0, APPDATA=C:\Users\tchitamb\AppData\Roaming, windows_tracing_logfile=C:\BVTBin\Tests\installpackage\csilogfile.log, NODE_PATH=C:\Program Files\nodejs, CommonProgramFiles=C:\Program Files\Common Files, Path=C:\ProgramData\Oracle\Java\javapath;C:\Program Files (x86)\MKS Toolkit\mksnt;C:\PROGRA~2\MKSTOO~1\bin64;C:\PROGRA~2\MKSTOO~1\bin;C:\PROGRA~2\MKSTOO~1\bin\X11;C:\PROGRA~2\MKSTOO~1\mksnt;C:\PROGRA~1\IBM\InformationServer\ASBNode\apps\jre\bin\classic;C:\PROGRA~1\IBM\InformationServer\ASBNode\lib\cpp;C:\PROGRA~1\IBM\InformationServer\ASBNode\apps\proxy\cpp\vc60\MT_dll\bin;C:\Program Files\Teradata\client\15.00\Teradata Parallel Transporter\bin64;C:\Program Files\Teradata\client\15.00\Teradata Parallel Transporter\msg64;C:\Program Files (x86)\Teradata\client\15.00\Teradata Parallel Transporter\bin;C:\Program Files (x86)\Teradata\client\15.00\Teradata Parallel Transporter\msg;C:\Program Files\Teradata\Client\15.00\bin;C:\Program Files (x86)\Teradata\Client\15.00\bin;C:\Program Files\Teradata\Client\15.00\ODBC Driver for Teradata nt-x8664\Lib;C:\Program Files (x86)\Teradata\Client\15.00\ODBC Driver for Teradata\Lib;C:\Program Files\Teradata\Client\15.00\bin\;C:\Program Files (x86)\Teradata\Client\15.00\bin\;C:\legacy\product\11.2.0\client_1\bin;C:\WINDOWS\system32;C:\WINDOWS;C:\WINDOWS\System32\Wbem;C:\WINDOWS\System32\WindowsPowerShell\v1.0\;C:\Program Files\7-Zip;C:\Program Files\Adobe\Adobe PDF iFilter 11 for 64-bit platforms\bin\;C:\Program Files (x86)\AccuRev\bin;C:\Program Files (x86)\Microsoft SQL Server\100\Tools\Binn\VSShell\Common7\IDE\;C:\Program Files (x86)\Microsoft SQL Server\100\Tools\Binn\;C:\Program Files\Microsoft SQL Server\100\Tools\Binn\;C:\Program Files (x86)\Microsoft Visual Studio 9.0\Common7\IDE\PrivateAssemblies\;C:\Program Files (x86)\Microsoft SQL Server\100\DTS\Binn\;C:\Program Files\Microsoft SQL Server\100\DTS\Binn\;C:\Program Files\nodejs;C:\Program Files (x86)\PuTTY;C:\Users\tchitamb\AppData\Roaming\npm;%JAVA_HOME%\bin;%GRADLE_HOME%\bin;C:\Program Files\nodejs\;C:\Program Files (x86)\WebEx\Productivity Tools;C:\Program Files\Git\cmd;C:\Program Files\Cloud Foundry;C:\Program Files\PuTTY;C:\maven\apache-maven-3.5.3\bin;C:\ford\gradle\2.14.1\bin;C:\Program Files\nodejs;C:\Users\tchitamb\AppData\Roaming\npm;C:\Program Files\Java\jdk1.8.0_151\bin, NUTCROOT=C:\PROGRA~2\MKSTOO~1, OS=Windows_NT, windows_tracing_flags=3, COMPUTERNAME=WGC1008B24T72, PROCESSOR_REVISION=3c03, CLASSPATH=C:\Program Files\Teradata\Client\15.00\bin\;C:\Program Files\Teradata\Client\15.00\bin\tdgeospatial.jar;C:\Program Files (x86)\Teradata\Client\15.00\bin\;C:\Program Files (x86)\Teradata\Client\15.00\bin\tdgeospatial.jar, CommonProgramW6432=C:\Program Files\Common Files, ComSpec=C:\WINDOWS\system32\cmd.exe, UATDATA=C:\windows\CCM\UATData\D9F8C395-CAB8-491d-B8AC-179A1FE1BE77, SystemRoot=C:\WINDOWS, TEMP=C:\Users\tchitamb\AppData\Local\Temp, HOMEDRIVE=C:, USERPROFILE=C:\Users\tchitamb, TMP=C:\Users\tchitamb\AppData\Local\Temp, CommonProgramFiles(x86)=C:\Program Files (x86)\Common Files, NUMBER_OF_PROCESSORS=4, MAN_HTM_PATHS=C:/PROGRA~2/MKSTOO~1/etc/htm/perl;C:/PROGRA~2/MKSTOO~1/etc/htm/perl/pod;C:/PROGRA~2/MKSTOO~1/etc/htm/perl/ext;C:/PROGRA~2/MKSTOO~1/etc/htm/perl/lib, HOME=C:\Users\tchitamb, NPM_MODULE_PATH=C:\Users\tchitamb\AppData\Roaming\npm}}]
19:04:18.573 [Test worker] DEBUG org.springframework.test.context.support.TestPropertySourceUtils - Adding inlined properties to environment: {spring.jmx.enabled=false, org.springframework.boot.test.context.SpringBootTestContextBootstrapper=true, server.port=-1}
19:04:18.574 [Test worker] DEBUG org.springframework.core.env.StandardEnvironment - Adding PropertySource 'Inlined Test Properties' with highest search precedence

  .   ____          _            __ _ _
 /\\ / ___'_ __ _ _(_)_ __  __ _ \ \ \ \
( ( )\___ | '_ | '_| | '_ \/ _` | \ \ \ \
 \\/  ___)| |_)| | | | | || (_| |  ) ) ) )
  '  |____| .__|_| |_|_| |_\__, | / / / /
 =========|_|==============|___/=/_/_/_/
 :: Spring Boot ::        (v2.0.2.RELEASE)

2018-05-21 19:04:19.908  INFO 10436 --- [    Test worker] c.f.p.ndpc.NdpcApplicationTests          : Starting NdpcApplicationTests on WGC1008B24T72 with PID 10436 (started by tchitamb in C:\Projects\GitHub\ndpc\ndpcMiddleLayer\ndpc)
2018-05-21 19:04:19.912  INFO 10436 --- [    Test worker] c.f.p.ndpc.NdpcApplicationTests          : No active profile set, falling back to default profiles: default
2018-05-21 19:04:20.077  INFO 10436 --- [    Test worker] o.s.w.c.s.GenericWebApplicationContext   : Refreshing org.springframework.web.context.support.GenericWebApplicationContext@5ea7b18: startup date [Mon May 21 19:04:20 IST 2018]; root of context hierarchy
2018-05-21 19:04:23.945  INFO 10436 --- [    Test worker] trationDelegate$BeanPostProcessorChecker : Bean 'org.springframework.transaction.annotation.ProxyTransactionManagementConfiguration' of type [org.springframework.transaction.annotation.ProxyTransactionManagementConfiguration$$EnhancerBySpringCGLIB$$fffe238c] is not eligible for getting processed by all BeanPostProcessors (for example: not eligible for auto-proxying)
2018-05-21 19:04:24.114  WARN 10436 --- [    Test worker] o.s.w.c.s.GenericWebApplicationContext   : Exception encountered during context initialization - cancelling refresh attempt: org.springframework.beans.factory.UnsatisfiedDependencyException: Error creating bean with name 'inMemoryDatabaseShutdownExecutor' defined in class path resource [org/springframework/boot/devtools/autoconfigure/DevToolsDataSourceAutoConfiguration.class]: Unsatisfied dependency expressed through method 'inMemoryDatabaseShutdownExecutor' parameter 0; nested exception is org.springframework.beans.factory.BeanCreationException: Error creating bean with name 'dataSource' defined in class path resource [org/springframework/boot/autoconfigure/jdbc/DataSourceConfiguration$Hikari.class]: Bean instantiation via factory method failed; nested exception is org.springframework.beans.BeanInstantiationException: Failed to instantiate [com.zaxxer.hikari.HikariDataSource]: Factory method 'dataSource' threw exception; nested exception is org.springframework.boot.autoconfigure.jdbc.DataSourceProperties$DataSourceBeanCreationException: Failed to determine a suitable driver class
2018-05-21 19:04:24.144  INFO 10436 --- [    Test worker] ConditionEvaluationReportLoggingListener : 

Error starting ApplicationContext. To display the conditions report re-run your application with 'debug' enabled.
2018-05-21 19:04:24.146 ERROR 10436 --- [    Test worker] o.s.b.d.LoggingFailureAnalysisReporter   : 

***************************
APPLICATION FAILED TO START
***************************

Description:

Failed to configure a DataSource: 'url' attribute is not specified and no embedded datasource could be configured.

Reason: Failed to determine a suitable driver class


Action:

Consider the following:
	If you want an embedded database (H2, HSQL or Derby), please put it on the classpath.
	If you have database settings to be loaded from a particular profile you may need to activate it (no profiles are currently active).

2018-05-21 19:04:24.212 ERROR 10436 --- [    Test worker] o.s.test.context.TestContextManager      : Caught exception while allowing TestExecutionListener [org.springframework.test.context.web.ServletTestExecutionListener@3dde9b1f] to prepare test instance [com.ford.purchasing.ndpc.NdpcApplicationTests@42e6fc20]

java.lang.IllegalStateException: Failed to load ApplicationContext
	at org.springframework.test.context.cache.DefaultCacheAwareContextLoaderDelegate.loadContext(DefaultCacheAwareContextLoaderDelegate.java:125) ~[spring-test-5.0.6.RELEASE.jar:5.0.6.RELEASE]
	at org.springframework.test.context.support.DefaultTestContext.getApplicationContext(DefaultTestContext.java:108) ~[spring-test-5.0.6.RELEASE.jar:5.0.6.RELEASE]
	at org.springframework.test.context.web.ServletTestExecutionListener.setUpRequestContextIfNecessary(ServletTestExecutionListener.java:190) ~[spring-test-5.0.6.RELEASE.jar:5.0.6.RELEASE]
	at org.springframework.test.context.web.ServletTestExecutionListener.prepareTestInstance(ServletTestExecutionListener.java:132) ~[spring-test-5.0.6.RELEASE.jar:5.0.6.RELEASE]
	at org.springframework.test.context.TestContextManager.prepareTestInstance(TestContextManager.java:246) ~[spring-test-5.0.6.RELEASE.jar:5.0.6.RELEASE]
	at org.springframework.test.context.junit4.SpringJUnit4ClassRunner.createTest(SpringJUnit4ClassRunner.java:227) [spring-test-5.0.6.RELEASE.jar:5.0.6.RELEASE]
	at org.springframework.test.context.junit4.SpringJUnit4ClassRunner$1.runReflectiveCall(SpringJUnit4ClassRunner.java:289) [spring-test-5.0.6.RELEASE.jar:5.0.6.RELEASE]
	at org.junit.internal.runners.model.ReflectiveCallable.run(ReflectiveCallable.java:12) [junit-4.12.jar:4.12]
	at org.springframework.test.context.junit4.SpringJUnit4ClassRunner.methodBlock(SpringJUnit4ClassRunner.java:291) [spring-test-5.0.6.RELEASE.jar:5.0.6.RELEASE]
	at org.springframework.test.context.junit4.SpringJUnit4ClassRunner.runChild(SpringJUnit4ClassRunner.java:246) [spring-test-5.0.6.RELEASE.jar:5.0.6.RELEASE]
	at org.springframework.test.context.junit4.SpringJUnit4ClassRunner.runChild(SpringJUnit4ClassRunner.java:97) [spring-test-5.0.6.RELEASE.jar:5.0.6.RELEASE]
	at org.junit.runners.ParentRunner$3.run(ParentRunner.java:290) [junit-4.12.jar:4.12]
	at org.junit.runners.ParentRunner$1.schedule(ParentRunner.java:71) [junit-4.12.jar:4.12]
	at org.junit.runners.ParentRunner.runChildren(ParentRunner.java:288) [junit-4.12.jar:4.12]
	at org.junit.runners.ParentRunner.access$000(ParentRunner.java:58) [junit-4.12.jar:4.12]
	at org.junit.runners.ParentRunner$2.evaluate(ParentRunner.java:268) [junit-4.12.jar:4.12]
	at org.springframework.test.context.junit4.statements.RunBeforeTestClassCallbacks.evaluate(RunBeforeTestClassCallbacks.java:61) [spring-test-5.0.6.RELEASE.jar:5.0.6.RELEASE]
	at org.springframework.test.context.junit4.statements.RunAfterTestClassCallbacks.evaluate(RunAfterTestClassCallbacks.java:70) [spring-test-5.0.6.RELEASE.jar:5.0.6.RELEASE]
	at org.junit.runners.ParentRunner.run(ParentRunner.java:363) [junit-4.12.jar:4.12]
	at org.springframework.test.context.junit4.SpringJUnit4ClassRunner.run(SpringJUnit4ClassRunner.java:190) [spring-test-5.0.6.RELEASE.jar:5.0.6.RELEASE]
	at org.gradle.api.internal.tasks.testing.junit.JUnitTestClassExecuter.runTestClass(JUnitTestClassExecuter.java:114) [gradle-testing-jvm-4.5.1.jar:4.5.1]
	at org.gradle.api.internal.tasks.testing.junit.JUnitTestClassExecuter.execute(JUnitTestClassExecuter.java:57) [gradle-testing-jvm-4.5.1.jar:4.5.1]
	at org.gradle.api.internal.tasks.testing.junit.JUnitTestClassProcessor.processTestClass(JUnitTestClassProcessor.java:66) [gradle-testing-jvm-4.5.1.jar:4.5.1]
	at org.gradle.api.internal.tasks.testing.SuiteTestClassProcessor.processTestClass(SuiteTestClassProcessor.java:51) [gradle-testing-base-4.5.1.jar:4.5.1]
	at sun.reflect.NativeMethodAccessorImpl.invoke0(Native Method) ~[na:1.8.0_121]
	at sun.reflect.NativeMethodAccessorImpl.invoke(NativeMethodAccessorImpl.java:62) ~[na:1.8.0_121]
	at sun.reflect.DelegatingMethodAccessorImpl.invoke(DelegatingMethodAccessorImpl.java:43) ~[na:1.8.0_121]
	at java.lang.reflect.Method.invoke(Method.java:498) ~[na:1.8.0_121]
	at org.gradle.internal.dispatch.ReflectionDispatch.dispatch(ReflectionDispatch.java:35) [gradle-messaging-4.5.1.jar:4.5.1]
	at org.gradle.internal.dispatch.ReflectionDispatch.dispatch(ReflectionDispatch.java:24) [gradle-messaging-4.5.1.jar:4.5.1]
	at org.gradle.internal.dispatch.ContextClassLoaderDispatch.dispatch(ContextClassLoaderDispatch.java:32) [gradle-messaging-4.5.1.jar:4.5.1]
	at org.gradle.internal.dispatch.ProxyDispatchAdapter$DispatchingInvocationHandler.invoke(ProxyDispatchAdapter.java:93) [gradle-messaging-4.5.1.jar:4.5.1]
	at com.sun.proxy.$Proxy1.processTestClass(Unknown Source) [na:na]
	at org.gradle.api.internal.tasks.testing.worker.TestWorker.processTestClass(TestWorker.java:108) [gradle-testing-base-4.5.1.jar:4.5.1]
	at sun.reflect.NativeMethodAccessorImpl.invoke0(Native Method) ~[na:1.8.0_121]
	at sun.reflect.NativeMethodAccessorImpl.invoke(NativeMethodAccessorImpl.java:62) ~[na:1.8.0_121]
	at sun.reflect.DelegatingMethodAccessorImpl.invoke(DelegatingMethodAccessorImpl.java:43) ~[na:1.8.0_121]
	at java.lang.reflect.Method.invoke(Method.java:498) ~[na:1.8.0_121]
	at org.gradle.internal.dispatch.ReflectionDispatch.dispatch(ReflectionDispatch.java:35) [gradle-messaging-4.5.1.jar:4.5.1]
	at org.gradle.internal.dispatch.ReflectionDispatch.dispatch(ReflectionDispatch.java:24) [gradle-messaging-4.5.1.jar:4.5.1]
	at org.gradle.internal.remote.internal.hub.MessageHubBackedObjectConnection$DispatchWrapper.dispatch(MessageHubBackedObjectConnection.java:146) [gradle-messaging-4.5.1.jar:4.5.1]
	at org.gradle.internal.remote.internal.hub.MessageHubBackedObjectConnection$DispatchWrapper.dispatch(MessageHubBackedObjectConnection.java:128) [gradle-messaging-4.5.1.jar:4.5.1]
	at org.gradle.internal.remote.internal.hub.MessageHub$Handler.run(MessageHub.java:404) [gradle-messaging-4.5.1.jar:4.5.1]
	at org.gradle.internal.concurrent.ExecutorPolicy$CatchAndRecordFailures.onExecute(ExecutorPolicy.java:63) [gradle-base-services-4.5.1.jar:4.5.1]
	at org.gradle.internal.concurrent.ManagedExecutorImpl$1.run(ManagedExecutorImpl.java:46) [gradle-base-services-4.5.1.jar:4.5.1]
	at java.util.concurrent.ThreadPoolExecutor.runWorker(ThreadPoolExecutor.java:1142) [na:1.8.0_121]
	at java.util.concurrent.ThreadPoolExecutor$Worker.run(ThreadPoolExecutor.java:617) [na:1.8.0_121]
	at org.gradle.internal.concurrent.ThreadFactoryImpl$ManagedThreadRunnable.run(ThreadFactoryImpl.java:55) [gradle-base-services-4.5.1.jar:4.5.1]
	at java.lang.Thread.run(Thread.java:745) [na:1.8.0_121]
Caused by: org.springframework.beans.factory.UnsatisfiedDependencyException: Error creating bean with name 'inMemoryDatabaseShutdownExecutor' defined in class path resource [org/springframework/boot/devtools/autoconfigure/DevToolsDataSourceAutoConfiguration.class]: Unsatisfied dependency expressed through method 'inMemoryDatabaseShutdownExecutor' parameter 0; nested exception is org.springframework.beans.factory.BeanCreationException: Error creating bean with name 'dataSource' defined in class path resource [org/springframework/boot/autoconfigure/jdbc/DataSourceConfiguration$Hikari.class]: Bean instantiation via factory method failed; nested exception is org.springframework.beans.BeanInstantiationException: Failed to instantiate [com.zaxxer.hikari.HikariDataSource]: Factory method 'dataSource' threw exception; nested exception is org.springframework.boot.autoconfigure.jdbc.DataSourceProperties$DataSourceBeanCreationException: Failed to determine a suitable driver class
	at org.springframework.beans.factory.support.ConstructorResolver.createArgumentArray(ConstructorResolver.java:729) ~[spring-beans-5.0.6.RELEASE.jar:5.0.6.RELEASE]
	at org.springframework.beans.factory.support.ConstructorResolver.instantiateUsingFactoryMethod(ConstructorResolver.java:470) ~[spring-beans-5.0.6.RELEASE.jar:5.0.6.RELEASE]
	at org.springframework.beans.factory.support.AbstractAutowireCapableBeanFactory.instantiateUsingFactoryMethod(AbstractAutowireCapableBeanFactory.java:1254) ~[spring-beans-5.0.6.RELEASE.jar:5.0.6.RELEASE]
	at org.springframework.beans.factory.support.AbstractAutowireCapableBeanFactory.createBeanInstance(AbstractAutowireCapableBeanFactory.java:1103) ~[spring-beans-5.0.6.RELEASE.jar:5.0.6.RELEASE]
	at org.springframework.beans.factory.support.AbstractAutowireCapableBeanFactory.doCreateBean(AbstractAutowireCapableBeanFactory.java:541) ~[spring-beans-5.0.6.RELEASE.jar:5.0.6.RELEASE]
	at org.springframework.beans.factory.support.AbstractAutowireCapableBeanFactory.createBean(AbstractAutowireCapableBeanFactory.java:501) ~[spring-beans-5.0.6.RELEASE.jar:5.0.6.RELEASE]
	at org.springframework.beans.factory.support.AbstractBeanFactory.lambda$doGetBean$0(AbstractBeanFactory.java:317) ~[spring-beans-5.0.6.RELEASE.jar:5.0.6.RELEASE]
	at org.springframework.beans.factory.support.DefaultSingletonBeanRegistry.getSingleton(DefaultSingletonBeanRegistry.java:228) ~[spring-beans-5.0.6.RELEASE.jar:5.0.6.RELEASE]
	at org.springframework.beans.factory.support.AbstractBeanFactory.doGetBean(AbstractBeanFactory.java:315) ~[spring-beans-5.0.6.RELEASE.jar:5.0.6.RELEASE]
	at org.springframework.beans.factory.support.AbstractBeanFactory.getBean(AbstractBeanFactory.java:199) ~[spring-beans-5.0.6.RELEASE.jar:5.0.6.RELEASE]
	at org.springframework.beans.factory.support.AbstractBeanFactory.doGetBean(AbstractBeanFactory.java:304) ~[spring-beans-5.0.6.RELEASE.jar:5.0.6.RELEASE]
	at org.springframework.beans.factory.support.AbstractBeanFactory.getBean(AbstractBeanFactory.java:199) ~[spring-beans-5.0.6.RELEASE.jar:5.0.6.RELEASE]
	at org.springframework.context.support.AbstractApplicationContext.getBean(AbstractApplicationContext.java:1089) ~[spring-context-5.0.6.RELEASE.jar:5.0.6.RELEASE]
	at org.springframework.context.support.AbstractApplicationContext.finishBeanFactoryInitialization(AbstractApplicationContext.java:859) ~[spring-context-5.0.6.RELEASE.jar:5.0.6.RELEASE]
	at org.springframework.context.support.AbstractApplicationContext.refresh(AbstractApplicationContext.java:550) ~[spring-context-5.0.6.RELEASE.jar:5.0.6.RELEASE]
	at org.springframework.boot.SpringApplication.refresh(SpringApplication.java:759) ~[spring-boot-2.0.2.RELEASE.jar:2.0.2.RELEASE]
	at org.springframework.boot.SpringApplication.refreshContext(SpringApplication.java:395) ~[spring-boot-2.0.2.RELEASE.jar:2.0.2.RELEASE]
	at org.springframework.boot.SpringApplication.run(SpringApplication.java:327) ~[spring-boot-2.0.2.RELEASE.jar:2.0.2.RELEASE]
	at org.springframework.boot.test.context.SpringBootContextLoader.loadContext(SpringBootContextLoader.java:139) ~[spring-boot-test-2.0.2.RELEASE.jar:2.0.2.RELEASE]
	at org.springframework.test.context.cache.DefaultCacheAwareContextLoaderDelegate.loadContextInternal(DefaultCacheAwareContextLoaderDelegate.java:99) ~[spring-test-5.0.6.RELEASE.jar:5.0.6.RELEASE]
	at org.springframework.test.context.cache.DefaultCacheAwareContextLoaderDelegate.loadContext(DefaultCacheAwareContextLoaderDelegate.java:117) ~[spring-test-5.0.6.RELEASE.jar:5.0.6.RELEASE]
	... 48 common frames omitted
Caused by: org.springframework.beans.factory.BeanCreationException: Error creating bean with name 'dataSource' defined in class path resource [org/springframework/boot/autoconfigure/jdbc/DataSourceConfiguration$Hikari.class]: Bean instantiation via factory method failed; nested exception is org.springframework.beans.BeanInstantiationException: Failed to instantiate [com.zaxxer.hikari.HikariDataSource]: Factory method 'dataSource' threw exception; nested exception is org.springframework.boot.autoconfigure.jdbc.DataSourceProperties$DataSourceBeanCreationException: Failed to determine a suitable driver class
	at org.springframework.beans.factory.support.ConstructorResolver.instantiateUsingFactoryMethod(ConstructorResolver.java:587) ~[spring-beans-5.0.6.RELEASE.jar:5.0.6.RELEASE]
	at org.springframework.beans.factory.support.AbstractAutowireCapableBeanFactory.instantiateUsingFactoryMethod(AbstractAutowireCapableBeanFactory.java:1254) ~[spring-beans-5.0.6.RELEASE.jar:5.0.6.RELEASE]
	at org.springframework.beans.factory.support.AbstractAutowireCapableBeanFactory.createBeanInstance(AbstractAutowireCapableBeanFactory.java:1103) ~[spring-beans-5.0.6.RELEASE.jar:5.0.6.RELEASE]
	at org.springframework.beans.factory.support.AbstractAutowireCapableBeanFactory.doCreateBean(AbstractAutowireCapableBeanFactory.java:541) ~[spring-beans-5.0.6.RELEASE.jar:5.0.6.RELEASE]
	at org.springframework.beans.factory.support.AbstractAutowireCapableBeanFactory.createBean(AbstractAutowireCapableBeanFactory.java:501) ~[spring-beans-5.0.6.RELEASE.jar:5.0.6.RELEASE]
	at org.springframework.beans.factory.support.AbstractBeanFactory.lambda$doGetBean$0(AbstractBeanFactory.java:317) ~[spring-beans-5.0.6.RELEASE.jar:5.0.6.RELEASE]
	at org.springframework.beans.factory.support.DefaultSingletonBeanRegistry.getSingleton(DefaultSingletonBeanRegistry.java:228) ~[spring-beans-5.0.6.RELEASE.jar:5.0.6.RELEASE]
	at org.springframework.beans.factory.support.AbstractBeanFactory.doGetBean(AbstractBeanFactory.java:315) ~[spring-beans-5.0.6.RELEASE.jar:5.0.6.RELEASE]
	at org.springframework.beans.factory.support.AbstractBeanFactory.getBean(AbstractBeanFactory.java:199) ~[spring-beans-5.0.6.RELEASE.jar:5.0.6.RELEASE]
	at org.springframework.beans.factory.config.DependencyDescriptor.resolveCandidate(DependencyDescriptor.java:251) ~[spring-beans-5.0.6.RELEASE.jar:5.0.6.RELEASE]
	at org.springframework.beans.factory.support.DefaultListableBeanFactory.doResolveDependency(DefaultListableBeanFactory.java:1138) ~[spring-beans-5.0.6.RELEASE.jar:5.0.6.RELEASE]
	at org.springframework.beans.factory.support.DefaultListableBeanFactory.resolveDependency(DefaultListableBeanFactory.java:1065) ~[spring-beans-5.0.6.RELEASE.jar:5.0.6.RELEASE]
	at org.springframework.beans.factory.support.ConstructorResolver.resolveAutowiredArgument(ConstructorResolver.java:815) ~[spring-beans-5.0.6.RELEASE.jar:5.0.6.RELEASE]
	at org.springframework.beans.factory.support.ConstructorResolver.createArgumentArray(ConstructorResolver.java:721) ~[spring-beans-5.0.6.RELEASE.jar:5.0.6.RELEASE]
	... 68 common frames omitted
Caused by: org.springframework.beans.BeanInstantiationException: Failed to instantiate [com.zaxxer.hikari.HikariDataSource]: Factory method 'dataSource' threw exception; nested exception is org.springframework.boot.autoconfigure.jdbc.DataSourceProperties$DataSourceBeanCreationException: Failed to determine a suitable driver class
	at org.springframework.beans.factory.support.SimpleInstantiationStrategy.instantiate(SimpleInstantiationStrategy.java:185) ~[spring-beans-5.0.6.RELEASE.jar:5.0.6.RELEASE]
	at org.springframework.beans.factory.support.ConstructorResolver.instantiateUsingFactoryMethod(ConstructorResolver.java:579) ~[spring-beans-5.0.6.RELEASE.jar:5.0.6.RELEASE]
	... 81 common frames omitted
Caused by: org.springframework.boot.autoconfigure.jdbc.DataSourceProperties$DataSourceBeanCreationException: Failed to determine a suitable driver class
	at org.springframework.boot.autoconfigure.jdbc.DataSourceProperties.determineDriverClassName(DataSourceProperties.java:236) ~[spring-boot-autoconfigure-2.0.2.RELEASE.jar:2.0.2.RELEASE]
	at org.springframework.boot.autoconfigure.jdbc.DataSourceProperties.initializeDataSourceBuilder(DataSourceProperties.java:176) ~[spring-boot-autoconfigure-2.0.2.RELEASE.jar:2.0.2.RELEASE]
	at org.springframework.boot.autoconfigure.jdbc.DataSourceConfiguration.createDataSource(DataSourceConfiguration.java:43) ~[spring-boot-autoconfigure-2.0.2.RELEASE.jar:2.0.2.RELEASE]
	at org.springframework.boot.autoconfigure.jdbc.DataSourceConfiguration$Hikari.dataSource(DataSourceConfiguration.java:81) ~[spring-boot-autoconfigure-2.0.2.RELEASE.jar:2.0.2.RELEASE]
	at sun.reflect.NativeMethodAccessorImpl.invoke0(Native Method) ~[na:1.8.0_121]
	at sun.reflect.NativeMethodAccessorImpl.invoke(NativeMethodAccessorImpl.java:62) ~[na:1.8.0_121]
	at sun.reflect.DelegatingMethodAccessorImpl.invoke(DelegatingMethodAccessorImpl.java:43) ~[na:1.8.0_121]
	at java.lang.reflect.Method.invoke(Method.java:498) ~[na:1.8.0_121]
	at org.springframework.beans.factory.support.SimpleInstantiationStrategy.instantiate(SimpleInstantiationStrategy.java:154) ~[spring-beans-5.0.6.RELEASE.jar:5.0.6.RELEASE]
	... 82 common frames omitted

]]></system-out>
  <system-err><![CDATA[]]></system-err>
</testsuite>
